2022-10-09 00:00:46.228  INFO 8052 --- [AsyncResolver-bootstrap-executor-0] c.n.d.s.r.aws.ConfigClusterResolver      : Resolving eureka endpoints via configuration
2022-10-09 00:05:46.290  INFO 8052 --- [AsyncResolver-bootstrap-executor-0] c.n.d.s.r.aws.ConfigClusterResolver      : Resolving eureka endpoints via configuration
2022-10-09 00:10:46.294  INFO 8052 --- [AsyncResolver-bootstrap-executor-0] c.n.d.s.r.aws.ConfigClusterResolver      : Resolving eureka endpoints via configuration
2022-10-09 00:15:46.308  INFO 8052 --- [AsyncResolver-bootstrap-executor-0] c.n.d.s.r.aws.ConfigClusterResolver      : Resolving eureka endpoints via configuration
2022-10-09 00:20:46.324  INFO 8052 --- [AsyncResolver-bootstrap-executor-0] c.n.d.s.r.aws.ConfigClusterResolver      : Resolving eureka endpoints via configuration
2022-10-09 00:25:46.337  INFO 8052 --- [AsyncResolver-bootstrap-executor-0] c.n.d.s.r.aws.ConfigClusterResolver      : Resolving eureka endpoints via configuration
2022-10-09 00:30:46.351  INFO 8052 --- [AsyncResolver-bootstrap-executor-0] c.n.d.s.r.aws.ConfigClusterResolver      : Resolving eureka endpoints via configuration
2022-10-09 00:35:46.355  INFO 8052 --- [AsyncResolver-bootstrap-executor-0] c.n.d.s.r.aws.ConfigClusterResolver      : Resolving eureka endpoints via configuration
2022-10-09 00:40:46.362  INFO 8052 --- [AsyncResolver-bootstrap-executor-0] c.n.d.s.r.aws.ConfigClusterResolver      : Resolving eureka endpoints via configuration
2022-10-09 00:42:07.534  INFO 8052 --- [cluster-ClusterId{value='6340fc6e2d8e1f6000a9f1fe', description='null'}-ac-oeljlck-shard-00-00.jqh7gdu.mongodb.net:27017] org.mongodb.driver.cluster               : Exception in monitor thread while connecting to server ac-oeljlck-shard-00-00.jqh7gdu.mongodb.net:27017

com.mongodb.MongoSocketReadTimeoutException: Timeout while receiving message
	at com.mongodb.internal.connection.InternalStreamConnection.translateReadException(InternalStreamConnection.java:631) ~[mongodb-driver-core-4.1.2.jar:na]
	at com.mongodb.internal.connection.InternalStreamConnection.receiveMessageWithAdditionalTimeout(InternalStreamConnection.java:516) ~[mongodb-driver-core-4.1.2.jar:na]
	at com.mongodb.internal.connection.InternalStreamConnection.receiveCommandMessageResponse(InternalStreamConnection.java:356) ~[mongodb-driver-core-4.1.2.jar:na]
	at com.mongodb.internal.connection.InternalStreamConnection.receive(InternalStreamConnection.java:316) ~[mongodb-driver-core-4.1.2.jar:na]
	at com.mongodb.internal.connection.DefaultServerMonitor$ServerMonitorRunnable.lookupServerDescription(DefaultServerMonitor.java:215) ~[mongodb-driver-core-4.1.2.jar:na]
	at com.mongodb.internal.connection.DefaultServerMonitor$ServerMonitorRunnable.run(DefaultServerMonitor.java:144) ~[mongodb-driver-core-4.1.2.jar:na]
	at java.base/java.lang.Thread.run(Thread.java:833) ~[na:na]
Caused by: java.net.SocketTimeoutException: Read timed out
	at java.base/sun.nio.ch.NioSocketImpl.timedRead(NioSocketImpl.java:280) ~[na:na]
	at java.base/sun.nio.ch.NioSocketImpl.implRead(NioSocketImpl.java:306) ~[na:na]
	at java.base/sun.nio.ch.NioSocketImpl.read(NioSocketImpl.java:347) ~[na:na]
	at java.base/sun.nio.ch.NioSocketImpl$1.read(NioSocketImpl.java:800) ~[na:na]
	at java.base/java.net.Socket$SocketInputStream.read(Socket.java:966) ~[na:na]
	at java.base/sun.security.ssl.SSLSocketInputRecord.read(SSLSocketInputRecord.java:478) ~[na:na]
	at java.base/sun.security.ssl.SSLSocketInputRecord.readHeader(SSLSocketInputRecord.java:472) ~[na:na]
	at java.base/sun.security.ssl.SSLSocketInputRecord.bytesInCompletePacket(SSLSocketInputRecord.java:70) ~[na:na]
	at java.base/sun.security.ssl.SSLSocketImpl.readApplicationRecord(SSLSocketImpl.java:1460) ~[na:na]
	at java.base/sun.security.ssl.SSLSocketImpl$AppInputStream.read(SSLSocketImpl.java:1064) ~[na:na]
	at com.mongodb.internal.connection.SocketStream.read(SocketStream.java:109) ~[mongodb-driver-core-4.1.2.jar:na]
	at com.mongodb.internal.connection.SocketStream.read(SocketStream.java:131) ~[mongodb-driver-core-4.1.2.jar:na]
	at com.mongodb.internal.connection.InternalStreamConnection.receiveResponseBuffers(InternalStreamConnection.java:648) ~[mongodb-driver-core-4.1.2.jar:na]
	at com.mongodb.internal.connection.InternalStreamConnection.receiveMessageWithAdditionalTimeout(InternalStreamConnection.java:513) ~[mongodb-driver-core-4.1.2.jar:na]
	... 5 common frames omitted

2022-10-09 00:42:07.534  INFO 8052 --- [cluster-ClusterId{value='6340fc6e2d8e1f6000a9f1fe', description='null'}-ac-oeljlck-shard-00-02.jqh7gdu.mongodb.net:27017] org.mongodb.driver.cluster               : Exception in monitor thread while connecting to server ac-oeljlck-shard-00-02.jqh7gdu.mongodb.net:27017

com.mongodb.MongoSocketReadTimeoutException: Timeout while receiving message
	at com.mongodb.internal.connection.InternalStreamConnection.translateReadException(InternalStreamConnection.java:631) ~[mongodb-driver-core-4.1.2.jar:na]
	at com.mongodb.internal.connection.InternalStreamConnection.receiveMessageWithAdditionalTimeout(InternalStreamConnection.java:516) ~[mongodb-driver-core-4.1.2.jar:na]
	at com.mongodb.internal.connection.InternalStreamConnection.receiveCommandMessageResponse(InternalStreamConnection.java:356) ~[mongodb-driver-core-4.1.2.jar:na]
	at com.mongodb.internal.connection.InternalStreamConnection.receive(InternalStreamConnection.java:316) ~[mongodb-driver-core-4.1.2.jar:na]
	at com.mongodb.internal.connection.DefaultServerMonitor$ServerMonitorRunnable.lookupServerDescription(DefaultServerMonitor.java:215) ~[mongodb-driver-core-4.1.2.jar:na]
	at com.mongodb.internal.connection.DefaultServerMonitor$ServerMonitorRunnable.run(DefaultServerMonitor.java:144) ~[mongodb-driver-core-4.1.2.jar:na]
	at java.base/java.lang.Thread.run(Thread.java:833) ~[na:na]
Caused by: java.net.SocketTimeoutException: Read timed out
	at java.base/sun.nio.ch.NioSocketImpl.timedRead(NioSocketImpl.java:280) ~[na:na]
	at java.base/sun.nio.ch.NioSocketImpl.implRead(NioSocketImpl.java:306) ~[na:na]
	at java.base/sun.nio.ch.NioSocketImpl.read(NioSocketImpl.java:347) ~[na:na]
	at java.base/sun.nio.ch.NioSocketImpl$1.read(NioSocketImpl.java:800) ~[na:na]
	at java.base/java.net.Socket$SocketInputStream.read(Socket.java:966) ~[na:na]
	at java.base/sun.security.ssl.SSLSocketInputRecord.read(SSLSocketInputRecord.java:478) ~[na:na]
	at java.base/sun.security.ssl.SSLSocketInputRecord.readHeader(SSLSocketInputRecord.java:472) ~[na:na]
	at java.base/sun.security.ssl.SSLSocketInputRecord.bytesInCompletePacket(SSLSocketInputRecord.java:70) ~[na:na]
	at java.base/sun.security.ssl.SSLSocketImpl.readApplicationRecord(SSLSocketImpl.java:1460) ~[na:na]
	at java.base/sun.security.ssl.SSLSocketImpl$AppInputStream.read(SSLSocketImpl.java:1064) ~[na:na]
	at com.mongodb.internal.connection.SocketStream.read(SocketStream.java:109) ~[mongodb-driver-core-4.1.2.jar:na]
	at com.mongodb.internal.connection.SocketStream.read(SocketStream.java:131) ~[mongodb-driver-core-4.1.2.jar:na]
	at com.mongodb.internal.connection.InternalStreamConnection.receiveResponseBuffers(InternalStreamConnection.java:648) ~[mongodb-driver-core-4.1.2.jar:na]
	at com.mongodb.internal.connection.InternalStreamConnection.receiveMessageWithAdditionalTimeout(InternalStreamConnection.java:513) ~[mongodb-driver-core-4.1.2.jar:na]
	... 5 common frames omitted

2022-10-09 00:42:07.534  INFO 8052 --- [cluster-ClusterId{value='6340fc6e2d8e1f6000a9f1fe', description='null'}-ac-oeljlck-shard-00-01.jqh7gdu.mongodb.net:27017] org.mongodb.driver.cluster               : Exception in monitor thread while connecting to server ac-oeljlck-shard-00-01.jqh7gdu.mongodb.net:27017

com.mongodb.MongoSocketReadTimeoutException: Timeout while receiving message
	at com.mongodb.internal.connection.InternalStreamConnection.translateReadException(InternalStreamConnection.java:631) ~[mongodb-driver-core-4.1.2.jar:na]
	at com.mongodb.internal.connection.InternalStreamConnection.receiveMessageWithAdditionalTimeout(InternalStreamConnection.java:516) ~[mongodb-driver-core-4.1.2.jar:na]
	at com.mongodb.internal.connection.InternalStreamConnection.receiveCommandMessageResponse(InternalStreamConnection.java:356) ~[mongodb-driver-core-4.1.2.jar:na]
	at com.mongodb.internal.connection.InternalStreamConnection.receive(InternalStreamConnection.java:316) ~[mongodb-driver-core-4.1.2.jar:na]
	at com.mongodb.internal.connection.DefaultServerMonitor$ServerMonitorRunnable.lookupServerDescription(DefaultServerMonitor.java:215) ~[mongodb-driver-core-4.1.2.jar:na]
	at com.mongodb.internal.connection.DefaultServerMonitor$ServerMonitorRunnable.run(DefaultServerMonitor.java:144) ~[mongodb-driver-core-4.1.2.jar:na]
	at java.base/java.lang.Thread.run(Thread.java:833) ~[na:na]
Caused by: java.net.SocketTimeoutException: Read timed out
	at java.base/sun.nio.ch.NioSocketImpl.timedRead(NioSocketImpl.java:280) ~[na:na]
	at java.base/sun.nio.ch.NioSocketImpl.implRead(NioSocketImpl.java:306) ~[na:na]
	at java.base/sun.nio.ch.NioSocketImpl.read(NioSocketImpl.java:347) ~[na:na]
	at java.base/sun.nio.ch.NioSocketImpl$1.read(NioSocketImpl.java:800) ~[na:na]
	at java.base/java.net.Socket$SocketInputStream.read(Socket.java:966) ~[na:na]
	at java.base/sun.security.ssl.SSLSocketInputRecord.read(SSLSocketInputRecord.java:478) ~[na:na]
	at java.base/sun.security.ssl.SSLSocketInputRecord.readHeader(SSLSocketInputRecord.java:472) ~[na:na]
	at java.base/sun.security.ssl.SSLSocketInputRecord.bytesInCompletePacket(SSLSocketInputRecord.java:70) ~[na:na]
	at java.base/sun.security.ssl.SSLSocketImpl.readApplicationRecord(SSLSocketImpl.java:1460) ~[na:na]
	at java.base/sun.security.ssl.SSLSocketImpl$AppInputStream.read(SSLSocketImpl.java:1064) ~[na:na]
	at com.mongodb.internal.connection.SocketStream.read(SocketStream.java:109) ~[mongodb-driver-core-4.1.2.jar:na]
	at com.mongodb.internal.connection.SocketStream.read(SocketStream.java:131) ~[mongodb-driver-core-4.1.2.jar:na]
	at com.mongodb.internal.connection.InternalStreamConnection.receiveResponseBuffers(InternalStreamConnection.java:648) ~[mongodb-driver-core-4.1.2.jar:na]
	at com.mongodb.internal.connection.InternalStreamConnection.receiveMessageWithAdditionalTimeout(InternalStreamConnection.java:513) ~[mongodb-driver-core-4.1.2.jar:na]
	... 5 common frames omitted

2022-10-09 00:42:08.960  INFO 8052 --- [cluster-ClusterId{value='6340fc6e2d8e1f6000a9f1fe', description='null'}-ac-oeljlck-shard-00-02.jqh7gdu.mongodb.net:27017] org.mongodb.driver.connection            : Opened connection [connectionId{localValue:35, serverValue:29300}] to ac-oeljlck-shard-00-02.jqh7gdu.mongodb.net:27017
2022-10-09 00:42:08.963  INFO 8052 --- [cluster-ClusterId{value='6340fc6e2d8e1f6000a9f1fe', description='null'}-ac-oeljlck-shard-00-02.jqh7gdu.mongodb.net:27017] org.mongodb.driver.cluster               : Monitor thread successfully connected to server with description ServerDescription{address=ac-oeljlck-shard-00-02.jqh7gdu.mongodb.net:27017, type=REPLICA_SET_PRIMARY, state=CONNECTED, ok=true, minWireVersion=0, maxWireVersion=13, maxDocumentSize=16777216, logicalSessionTimeoutMinutes=30, roundTripTimeNanos=300166900, setName='atlas-ralhqi-shard-0', canonicalAddress=ac-oeljlck-shard-00-02.jqh7gdu.mongodb.net:27017, hosts=[ac-oeljlck-shard-00-01.jqh7gdu.mongodb.net:27017, ac-oeljlck-shard-00-02.jqh7gdu.mongodb.net:27017, ac-oeljlck-shard-00-00.jqh7gdu.mongodb.net:27017], passives=[], arbiters=[], primary='ac-oeljlck-shard-00-02.jqh7gdu.mongodb.net:27017', tagSet=TagSet{[Tag{name='nodeType', value='ELECTABLE'}, Tag{name='provider', value='AWS'}, Tag{name='region', value='AP_SOUTH_1'}, Tag{name='workloadType', value='OPERATIONAL'}]}, electionId=7fffffff000000000000007b, setVersion=4, topologyVersion=TopologyVersion{processId=63407108e33880b07e344e70, counter=6}, lastWriteDate=Sun Oct 09 00:42:08 IST 2022, lastUpdateTimeNanos=120975215069100}
2022-10-09 00:42:08.964  INFO 8052 --- [cluster-ClusterId{value='6340fc6e2d8e1f6000a9f1fe', description='null'}-ac-oeljlck-shard-00-02.jqh7gdu.mongodb.net:27017] org.mongodb.driver.cluster               : Discovered replica set primary ac-oeljlck-shard-00-02.jqh7gdu.mongodb.net:27017
2022-10-09 00:42:08.971  INFO 8052 --- [cluster-ClusterId{value='6340fc6e2d8e1f6000a9f1fe', description='null'}-ac-oeljlck-shard-00-01.jqh7gdu.mongodb.net:27017] org.mongodb.driver.connection            : Opened connection [connectionId{localValue:36, serverValue:28023}] to ac-oeljlck-shard-00-01.jqh7gdu.mongodb.net:27017
2022-10-09 00:42:08.971  INFO 8052 --- [cluster-ClusterId{value='6340fc6e2d8e1f6000a9f1fe', description='null'}-ac-oeljlck-shard-00-00.jqh7gdu.mongodb.net:27017] org.mongodb.driver.connection            : Opened connection [connectionId{localValue:34, serverValue:28543}] to ac-oeljlck-shard-00-00.jqh7gdu.mongodb.net:27017
2022-10-09 00:42:08.972  INFO 8052 --- [cluster-ClusterId{value='6340fc6e2d8e1f6000a9f1fe', description='null'}-ac-oeljlck-shard-00-01.jqh7gdu.mongodb.net:27017] org.mongodb.driver.cluster               : Monitor thread successfully connected to server with description ServerDescription{address=ac-oeljlck-shard-00-01.jqh7gdu.mongodb.net:27017, type=REPLICA_SET_SECONDARY, state=CONNECTED, ok=true, minWireVersion=0, maxWireVersion=13, maxDocumentSize=16777216, logicalSessionTimeoutMinutes=30, roundTripTimeNanos=310926700, setName='atlas-ralhqi-shard-0', canonicalAddress=ac-oeljlck-shard-00-01.jqh7gdu.mongodb.net:27017, hosts=[ac-oeljlck-shard-00-01.jqh7gdu.mongodb.net:27017, ac-oeljlck-shard-00-02.jqh7gdu.mongodb.net:27017, ac-oeljlck-shard-00-00.jqh7gdu.mongodb.net:27017], passives=[], arbiters=[], primary='ac-oeljlck-shard-00-02.jqh7gdu.mongodb.net:27017', tagSet=TagSet{[Tag{name='nodeType', value='ELECTABLE'}, Tag{name='provider', value='AWS'}, Tag{name='region', value='AP_SOUTH_1'}, Tag{name='workloadType', value='OPERATIONAL'}]}, electionId=null, setVersion=4, topologyVersion=TopologyVersion{processId=6340724c66f28b61f9e8a30e, counter=3}, lastWriteDate=Sun Oct 09 00:42:08 IST 2022, lastUpdateTimeNanos=120975224925800}
2022-10-09 00:42:08.972  INFO 8052 --- [cluster-ClusterId{value='6340fc6e2d8e1f6000a9f1fe', description='null'}-ac-oeljlck-shard-00-00.jqh7gdu.mongodb.net:27017] org.mongodb.driver.cluster               : Monitor thread successfully connected to server with description ServerDescription{address=ac-oeljlck-shard-00-00.jqh7gdu.mongodb.net:27017, type=REPLICA_SET_SECONDARY, state=CONNECTED, ok=true, minWireVersion=0, maxWireVersion=13, maxDocumentSize=16777216, logicalSessionTimeoutMinutes=30, roundTripTimeNanos=307779600, setName='atlas-ralhqi-shard-0', canonicalAddress=ac-oeljlck-shard-00-00.jqh7gdu.mongodb.net:27017, hosts=[ac-oeljlck-shard-00-01.jqh7gdu.mongodb.net:27017, ac-oeljlck-shard-00-02.jqh7gdu.mongodb.net:27017, ac-oeljlck-shard-00-00.jqh7gdu.mongodb.net:27017], passives=[], arbiters=[], primary='ac-oeljlck-shard-00-02.jqh7gdu.mongodb.net:27017', tagSet=TagSet{[Tag{name='nodeType', value='ELECTABLE'}, Tag{name='provider', value='AWS'}, Tag{name='region', value='AP_SOUTH_1'}, Tag{name='workloadType', value='OPERATIONAL'}]}, electionId=null, setVersion=4, topologyVersion=TopologyVersion{processId=63406ff9fcc18aebc845156f, counter=4}, lastWriteDate=Sun Oct 09 00:42:08 IST 2022, lastUpdateTimeNanos=120975224925500}
2022-10-09 00:42:21.657  INFO 8052 --- [cluster-rtt-ClusterId{value='6340fc6e2d8e1f6000a9f1fe', description='null'}-ac-oeljlck-shard-00-01.jqh7gdu.mongodb.net:27017] org.mongodb.driver.connection            : Opened connection [connectionId{localValue:38, serverValue:28032}] to ac-oeljlck-shard-00-01.jqh7gdu.mongodb.net:27017
2022-10-09 00:42:23.123  INFO 8052 --- [cluster-rtt-ClusterId{value='6340fc6e2d8e1f6000a9f1fe', description='null'}-ac-oeljlck-shard-00-00.jqh7gdu.mongodb.net:27017] org.mongodb.driver.connection            : Opened connection [connectionId{localValue:37, serverValue:28553}] to ac-oeljlck-shard-00-00.jqh7gdu.mongodb.net:27017
2022-10-09 00:45:46.365  INFO 8052 --- [AsyncResolver-bootstrap-executor-0] c.n.d.s.r.aws.ConfigClusterResolver      : Resolving eureka endpoints via configuration
2022-10-09 00:49:52.227  INFO 8052 --- [cluster-ClusterId{value='6340fc6e2d8e1f6000a9f1fe', description='null'}-ac-oeljlck-shard-00-00.jqh7gdu.mongodb.net:27017] org.mongodb.driver.cluster               : Exception in monitor thread while connecting to server ac-oeljlck-shard-00-00.jqh7gdu.mongodb.net:27017

com.mongodb.MongoSocketReadTimeoutException: Timeout while receiving message
	at com.mongodb.internal.connection.InternalStreamConnection.translateReadException(InternalStreamConnection.java:631) ~[mongodb-driver-core-4.1.2.jar:na]
	at com.mongodb.internal.connection.InternalStreamConnection.receiveMessageWithAdditionalTimeout(InternalStreamConnection.java:516) ~[mongodb-driver-core-4.1.2.jar:na]
	at com.mongodb.internal.connection.InternalStreamConnection.receiveCommandMessageResponse(InternalStreamConnection.java:356) ~[mongodb-driver-core-4.1.2.jar:na]
	at com.mongodb.internal.connection.InternalStreamConnection.receive(InternalStreamConnection.java:316) ~[mongodb-driver-core-4.1.2.jar:na]
	at com.mongodb.internal.connection.DefaultServerMonitor$ServerMonitorRunnable.lookupServerDescription(DefaultServerMonitor.java:215) ~[mongodb-driver-core-4.1.2.jar:na]
	at com.mongodb.internal.connection.DefaultServerMonitor$ServerMonitorRunnable.run(DefaultServerMonitor.java:144) ~[mongodb-driver-core-4.1.2.jar:na]
	at java.base/java.lang.Thread.run(Thread.java:833) ~[na:na]
Caused by: java.net.SocketTimeoutException: Read timed out
	at java.base/sun.nio.ch.NioSocketImpl.timedRead(NioSocketImpl.java:280) ~[na:na]
	at java.base/sun.nio.ch.NioSocketImpl.implRead(NioSocketImpl.java:306) ~[na:na]
	at java.base/sun.nio.ch.NioSocketImpl.read(NioSocketImpl.java:347) ~[na:na]
	at java.base/sun.nio.ch.NioSocketImpl$1.read(NioSocketImpl.java:800) ~[na:na]
	at java.base/java.net.Socket$SocketInputStream.read(Socket.java:966) ~[na:na]
	at java.base/sun.security.ssl.SSLSocketInputRecord.read(SSLSocketInputRecord.java:478) ~[na:na]
	at java.base/sun.security.ssl.SSLSocketInputRecord.readHeader(SSLSocketInputRecord.java:472) ~[na:na]
	at java.base/sun.security.ssl.SSLSocketInputRecord.bytesInCompletePacket(SSLSocketInputRecord.java:70) ~[na:na]
	at java.base/sun.security.ssl.SSLSocketImpl.readApplicationRecord(SSLSocketImpl.java:1460) ~[na:na]
	at java.base/sun.security.ssl.SSLSocketImpl$AppInputStream.read(SSLSocketImpl.java:1064) ~[na:na]
	at com.mongodb.internal.connection.SocketStream.read(SocketStream.java:109) ~[mongodb-driver-core-4.1.2.jar:na]
	at com.mongodb.internal.connection.SocketStream.read(SocketStream.java:131) ~[mongodb-driver-core-4.1.2.jar:na]
	at com.mongodb.internal.connection.InternalStreamConnection.receiveResponseBuffers(InternalStreamConnection.java:648) ~[mongodb-driver-core-4.1.2.jar:na]
	at com.mongodb.internal.connection.InternalStreamConnection.receiveMessageWithAdditionalTimeout(InternalStreamConnection.java:513) ~[mongodb-driver-core-4.1.2.jar:na]
	... 5 common frames omitted

2022-10-09 00:49:52.227  INFO 8052 --- [cluster-ClusterId{value='6340fc6e2d8e1f6000a9f1fe', description='null'}-ac-oeljlck-shard-00-01.jqh7gdu.mongodb.net:27017] org.mongodb.driver.cluster               : Exception in monitor thread while connecting to server ac-oeljlck-shard-00-01.jqh7gdu.mongodb.net:27017

com.mongodb.MongoSocketReadTimeoutException: Timeout while receiving message
	at com.mongodb.internal.connection.InternalStreamConnection.translateReadException(InternalStreamConnection.java:631) ~[mongodb-driver-core-4.1.2.jar:na]
	at com.mongodb.internal.connection.InternalStreamConnection.receiveMessageWithAdditionalTimeout(InternalStreamConnection.java:516) ~[mongodb-driver-core-4.1.2.jar:na]
	at com.mongodb.internal.connection.InternalStreamConnection.receiveCommandMessageResponse(InternalStreamConnection.java:356) ~[mongodb-driver-core-4.1.2.jar:na]
	at com.mongodb.internal.connection.InternalStreamConnection.receive(InternalStreamConnection.java:316) ~[mongodb-driver-core-4.1.2.jar:na]
	at com.mongodb.internal.connection.DefaultServerMonitor$ServerMonitorRunnable.lookupServerDescription(DefaultServerMonitor.java:215) ~[mongodb-driver-core-4.1.2.jar:na]
	at com.mongodb.internal.connection.DefaultServerMonitor$ServerMonitorRunnable.run(DefaultServerMonitor.java:144) ~[mongodb-driver-core-4.1.2.jar:na]
	at java.base/java.lang.Thread.run(Thread.java:833) ~[na:na]
Caused by: java.net.SocketTimeoutException: Read timed out
	at java.base/sun.nio.ch.NioSocketImpl.timedRead(NioSocketImpl.java:280) ~[na:na]
	at java.base/sun.nio.ch.NioSocketImpl.implRead(NioSocketImpl.java:306) ~[na:na]
	at java.base/sun.nio.ch.NioSocketImpl.read(NioSocketImpl.java:347) ~[na:na]
	at java.base/sun.nio.ch.NioSocketImpl$1.read(NioSocketImpl.java:800) ~[na:na]
	at java.base/java.net.Socket$SocketInputStream.read(Socket.java:966) ~[na:na]
	at java.base/sun.security.ssl.SSLSocketInputRecord.read(SSLSocketInputRecord.java:478) ~[na:na]
	at java.base/sun.security.ssl.SSLSocketInputRecord.readHeader(SSLSocketInputRecord.java:472) ~[na:na]
	at java.base/sun.security.ssl.SSLSocketInputRecord.bytesInCompletePacket(SSLSocketInputRecord.java:70) ~[na:na]
	at java.base/sun.security.ssl.SSLSocketImpl.readApplicationRecord(SSLSocketImpl.java:1460) ~[na:na]
	at java.base/sun.security.ssl.SSLSocketImpl$AppInputStream.read(SSLSocketImpl.java:1064) ~[na:na]
	at com.mongodb.internal.connection.SocketStream.read(SocketStream.java:109) ~[mongodb-driver-core-4.1.2.jar:na]
	at com.mongodb.internal.connection.SocketStream.read(SocketStream.java:131) ~[mongodb-driver-core-4.1.2.jar:na]
	at com.mongodb.internal.connection.InternalStreamConnection.receiveResponseBuffers(InternalStreamConnection.java:648) ~[mongodb-driver-core-4.1.2.jar:na]
	at com.mongodb.internal.connection.InternalStreamConnection.receiveMessageWithAdditionalTimeout(InternalStreamConnection.java:513) ~[mongodb-driver-core-4.1.2.jar:na]
	... 5 common frames omitted

2022-10-09 00:49:52.228  INFO 8052 --- [cluster-ClusterId{value='6340fc6e2d8e1f6000a9f1fe', description='null'}-ac-oeljlck-shard-00-02.jqh7gdu.mongodb.net:27017] org.mongodb.driver.cluster               : Exception in monitor thread while connecting to server ac-oeljlck-shard-00-02.jqh7gdu.mongodb.net:27017

com.mongodb.MongoSocketReadTimeoutException: Timeout while receiving message
	at com.mongodb.internal.connection.InternalStreamConnection.translateReadException(InternalStreamConnection.java:631) ~[mongodb-driver-core-4.1.2.jar:na]
	at com.mongodb.internal.connection.InternalStreamConnection.receiveMessageWithAdditionalTimeout(InternalStreamConnection.java:516) ~[mongodb-driver-core-4.1.2.jar:na]
	at com.mongodb.internal.connection.InternalStreamConnection.receiveCommandMessageResponse(InternalStreamConnection.java:356) ~[mongodb-driver-core-4.1.2.jar:na]
	at com.mongodb.internal.connection.InternalStreamConnection.receive(InternalStreamConnection.java:316) ~[mongodb-driver-core-4.1.2.jar:na]
	at com.mongodb.internal.connection.DefaultServerMonitor$ServerMonitorRunnable.lookupServerDescription(DefaultServerMonitor.java:215) ~[mongodb-driver-core-4.1.2.jar:na]
	at com.mongodb.internal.connection.DefaultServerMonitor$ServerMonitorRunnable.run(DefaultServerMonitor.java:144) ~[mongodb-driver-core-4.1.2.jar:na]
	at java.base/java.lang.Thread.run(Thread.java:833) ~[na:na]
Caused by: java.net.SocketTimeoutException: Read timed out
	at java.base/sun.nio.ch.NioSocketImpl.timedRead(NioSocketImpl.java:280) ~[na:na]
	at java.base/sun.nio.ch.NioSocketImpl.implRead(NioSocketImpl.java:306) ~[na:na]
	at java.base/sun.nio.ch.NioSocketImpl.read(NioSocketImpl.java:347) ~[na:na]
	at java.base/sun.nio.ch.NioSocketImpl$1.read(NioSocketImpl.java:800) ~[na:na]
	at java.base/java.net.Socket$SocketInputStream.read(Socket.java:966) ~[na:na]
	at java.base/sun.security.ssl.SSLSocketInputRecord.read(SSLSocketInputRecord.java:478) ~[na:na]
	at java.base/sun.security.ssl.SSLSocketInputRecord.readHeader(SSLSocketInputRecord.java:472) ~[na:na]
	at java.base/sun.security.ssl.SSLSocketInputRecord.bytesInCompletePacket(SSLSocketInputRecord.java:70) ~[na:na]
	at java.base/sun.security.ssl.SSLSocketImpl.readApplicationRecord(SSLSocketImpl.java:1460) ~[na:na]
	at java.base/sun.security.ssl.SSLSocketImpl$AppInputStream.read(SSLSocketImpl.java:1064) ~[na:na]
	at com.mongodb.internal.connection.SocketStream.read(SocketStream.java:109) ~[mongodb-driver-core-4.1.2.jar:na]
	at com.mongodb.internal.connection.SocketStream.read(SocketStream.java:131) ~[mongodb-driver-core-4.1.2.jar:na]
	at com.mongodb.internal.connection.InternalStreamConnection.receiveResponseBuffers(InternalStreamConnection.java:648) ~[mongodb-driver-core-4.1.2.jar:na]
	at com.mongodb.internal.connection.InternalStreamConnection.receiveMessageWithAdditionalTimeout(InternalStreamConnection.java:513) ~[mongodb-driver-core-4.1.2.jar:na]
	... 5 common frames omitted

2022-10-09 00:50:05.301  INFO 8052 --- [cluster-ClusterId{value='6340fc6e2d8e1f6000a9f1fe', description='null'}-ac-oeljlck-shard-00-02.jqh7gdu.mongodb.net:27017] org.mongodb.driver.connection            : Opened connection [connectionId{localValue:41, serverValue:29352}] to ac-oeljlck-shard-00-02.jqh7gdu.mongodb.net:27017
2022-10-09 00:50:05.301  INFO 8052 --- [cluster-ClusterId{value='6340fc6e2d8e1f6000a9f1fe', description='null'}-ac-oeljlck-shard-00-02.jqh7gdu.mongodb.net:27017] org.mongodb.driver.cluster               : Monitor thread successfully connected to server with description ServerDescription{address=ac-oeljlck-shard-00-02.jqh7gdu.mongodb.net:27017, type=REPLICA_SET_PRIMARY, state=CONNECTED, ok=true, minWireVersion=0, maxWireVersion=13, maxDocumentSize=16777216, logicalSessionTimeoutMinutes=30, roundTripTimeNanos=764764200, setName='atlas-ralhqi-shard-0', canonicalAddress=ac-oeljlck-shard-00-02.jqh7gdu.mongodb.net:27017, hosts=[ac-oeljlck-shard-00-01.jqh7gdu.mongodb.net:27017, ac-oeljlck-shard-00-02.jqh7gdu.mongodb.net:27017, ac-oeljlck-shard-00-00.jqh7gdu.mongodb.net:27017], passives=[], arbiters=[], primary='ac-oeljlck-shard-00-02.jqh7gdu.mongodb.net:27017', tagSet=TagSet{[Tag{name='nodeType', value='ELECTABLE'}, Tag{name='provider', value='AWS'}, Tag{name='region', value='AP_SOUTH_1'}, Tag{name='workloadType', value='OPERATIONAL'}]}, electionId=7fffffff000000000000007b, setVersion=4, topologyVersion=TopologyVersion{processId=63407108e33880b07e344e70, counter=6}, lastWriteDate=Sun Oct 09 00:50:04 IST 2022, lastUpdateTimeNanos=121451555431700}
2022-10-09 00:50:05.302  INFO 8052 --- [cluster-ClusterId{value='6340fc6e2d8e1f6000a9f1fe', description='null'}-ac-oeljlck-shard-00-02.jqh7gdu.mongodb.net:27017] org.mongodb.driver.cluster               : Discovered replica set primary ac-oeljlck-shard-00-02.jqh7gdu.mongodb.net:27017
2022-10-09 00:50:06.229  INFO 8052 --- [cluster-rtt-ClusterId{value='6340fc6e2d8e1f6000a9f1fe', description='null'}-ac-oeljlck-shard-00-01.jqh7gdu.mongodb.net:27017] org.mongodb.driver.connection            : Opened connection [connectionId{localValue:44, serverValue:28197}] to ac-oeljlck-shard-00-01.jqh7gdu.mongodb.net:27017
2022-10-09 00:50:07.079  INFO 8052 --- [cluster-rtt-ClusterId{value='6340fc6e2d8e1f6000a9f1fe', description='null'}-ac-oeljlck-shard-00-02.jqh7gdu.mongodb.net:27017] org.mongodb.driver.connection            : Opened connection [connectionId{localValue:43, serverValue:29462}] to ac-oeljlck-shard-00-02.jqh7gdu.mongodb.net:27017
2022-10-09 00:50:07.079  INFO 8052 --- [cluster-rtt-ClusterId{value='6340fc6e2d8e1f6000a9f1fe', description='null'}-ac-oeljlck-shard-00-00.jqh7gdu.mongodb.net:27017] org.mongodb.driver.connection            : Opened connection [connectionId{localValue:42, serverValue:28715}] to ac-oeljlck-shard-00-00.jqh7gdu.mongodb.net:27017
2022-10-09 00:50:14.961  INFO 8052 --- [cluster-ClusterId{value='6340fc6e2d8e1f6000a9f1fe', description='null'}-ac-oeljlck-shard-00-01.jqh7gdu.mongodb.net:27017] org.mongodb.driver.connection            : Opened connection [connectionId{localValue:40, serverValue:28205}] to ac-oeljlck-shard-00-01.jqh7gdu.mongodb.net:27017
2022-10-09 00:50:14.963  INFO 8052 --- [cluster-ClusterId{value='6340fc6e2d8e1f6000a9f1fe', description='null'}-ac-oeljlck-shard-00-00.jqh7gdu.mongodb.net:27017] org.mongodb.driver.connection            : Opened connection [connectionId{localValue:39, serverValue:28718}] to ac-oeljlck-shard-00-00.jqh7gdu.mongodb.net:27017
2022-10-09 00:50:14.963  INFO 8052 --- [cluster-ClusterId{value='6340fc6e2d8e1f6000a9f1fe', description='null'}-ac-oeljlck-shard-00-01.jqh7gdu.mongodb.net:27017] org.mongodb.driver.cluster               : Monitor thread successfully connected to server with description ServerDescription{address=ac-oeljlck-shard-00-01.jqh7gdu.mongodb.net:27017, type=REPLICA_SET_SECONDARY, state=CONNECTED, ok=true, minWireVersion=0, maxWireVersion=13, maxDocumentSize=16777216, logicalSessionTimeoutMinutes=30, roundTripTimeNanos=10426189800, setName='atlas-ralhqi-shard-0', canonicalAddress=ac-oeljlck-shard-00-01.jqh7gdu.mongodb.net:27017, hosts=[ac-oeljlck-shard-00-01.jqh7gdu.mongodb.net:27017, ac-oeljlck-shard-00-02.jqh7gdu.mongodb.net:27017, ac-oeljlck-shard-00-00.jqh7gdu.mongodb.net:27017], passives=[], arbiters=[], primary='ac-oeljlck-shard-00-02.jqh7gdu.mongodb.net:27017', tagSet=TagSet{[Tag{name='nodeType', value='ELECTABLE'}, Tag{name='provider', value='AWS'}, Tag{name='region', value='AP_SOUTH_1'}, Tag{name='workloadType', value='OPERATIONAL'}]}, electionId=null, setVersion=4, topologyVersion=TopologyVersion{processId=6340724c66f28b61f9e8a30e, counter=3}, lastWriteDate=Sun Oct 09 00:50:13 IST 2022, lastUpdateTimeNanos=121461216520700}
2022-10-09 00:50:14.963  INFO 8052 --- [cluster-ClusterId{value='6340fc6e2d8e1f6000a9f1fe', description='null'}-ac-oeljlck-shard-00-00.jqh7gdu.mongodb.net:27017] org.mongodb.driver.cluster               : Monitor thread successfully connected to server with description ServerDescription{address=ac-oeljlck-shard-00-00.jqh7gdu.mongodb.net:27017, type=REPLICA_SET_SECONDARY, state=CONNECTED, ok=true, minWireVersion=0, maxWireVersion=13, maxDocumentSize=16777216, logicalSessionTimeoutMinutes=30, roundTripTimeNanos=10426453600, setName='atlas-ralhqi-shard-0', canonicalAddress=ac-oeljlck-shard-00-00.jqh7gdu.mongodb.net:27017, hosts=[ac-oeljlck-shard-00-01.jqh7gdu.mongodb.net:27017, ac-oeljlck-shard-00-02.jqh7gdu.mongodb.net:27017, ac-oeljlck-shard-00-00.jqh7gdu.mongodb.net:27017], passives=[], arbiters=[], primary='ac-oeljlck-shard-00-02.jqh7gdu.mongodb.net:27017', tagSet=TagSet{[Tag{name='nodeType', value='ELECTABLE'}, Tag{name='provider', value='AWS'}, Tag{name='region', value='AP_SOUTH_1'}, Tag{name='workloadType', value='OPERATIONAL'}]}, electionId=null, setVersion=4, topologyVersion=TopologyVersion{processId=63406ff9fcc18aebc845156f, counter=4}, lastWriteDate=Sun Oct 09 00:50:13 IST 2022, lastUpdateTimeNanos=121461217014400}
2022-10-09 00:50:46.380  INFO 8052 --- [AsyncResolver-bootstrap-executor-0] c.n.d.s.r.aws.ConfigClusterResolver      : Resolving eureka endpoints via configuration
2022-10-09 00:55:46.390  INFO 8052 --- [AsyncResolver-bootstrap-executor-0] c.n.d.s.r.aws.ConfigClusterResolver      : Resolving eureka endpoints via configuration
2022-10-09 01:00:46.400  INFO 8052 --- [AsyncResolver-bootstrap-executor-0] c.n.d.s.r.aws.ConfigClusterResolver      : Resolving eureka endpoints via configuration
2022-10-09 01:05:46.415  INFO 8052 --- [AsyncResolver-bootstrap-executor-0] c.n.d.s.r.aws.ConfigClusterResolver      : Resolving eureka endpoints via configuration
2022-10-09 01:10:46.426  INFO 8052 --- [AsyncResolver-bootstrap-executor-0] c.n.d.s.r.aws.ConfigClusterResolver      : Resolving eureka endpoints via configuration
2022-10-09 01:15:46.440  INFO 8052 --- [AsyncResolver-bootstrap-executor-0] c.n.d.s.r.aws.ConfigClusterResolver      : Resolving eureka endpoints via configuration
2022-10-09 01:20:46.443  INFO 8052 --- [AsyncResolver-bootstrap-executor-0] c.n.d.s.r.aws.ConfigClusterResolver      : Resolving eureka endpoints via configuration
2022-10-09 01:25:46.452  INFO 8052 --- [AsyncResolver-bootstrap-executor-0] c.n.d.s.r.aws.ConfigClusterResolver      : Resolving eureka endpoints via configuration
2022-10-09 01:30:46.461  INFO 8052 --- [AsyncResolver-bootstrap-executor-0] c.n.d.s.r.aws.ConfigClusterResolver      : Resolving eureka endpoints via configuration
2022-10-09 01:35:46.472  INFO 8052 --- [AsyncResolver-bootstrap-executor-0] c.n.d.s.r.aws.ConfigClusterResolver      : Resolving eureka endpoints via configuration
2022-10-09 01:40:46.484  INFO 8052 --- [AsyncResolver-bootstrap-executor-0] c.n.d.s.r.aws.ConfigClusterResolver      : Resolving eureka endpoints via configuration
2022-10-09 01:45:46.487  INFO 8052 --- [AsyncResolver-bootstrap-executor-0] c.n.d.s.r.aws.ConfigClusterResolver      : Resolving eureka endpoints via configuration
2022-10-09 01:50:46.495  INFO 8052 --- [AsyncResolver-bootstrap-executor-0] c.n.d.s.r.aws.ConfigClusterResolver      : Resolving eureka endpoints via configuration
2022-10-09 01:55:46.501  INFO 8052 --- [AsyncResolver-bootstrap-executor-0] c.n.d.s.r.aws.ConfigClusterResolver      : Resolving eureka endpoints via configuration
2022-10-09 02:00:46.526  INFO 8052 --- [AsyncResolver-bootstrap-executor-0] c.n.d.s.r.aws.ConfigClusterResolver      : Resolving eureka endpoints via configuration
2022-10-09 02:01:37.854  INFO 8052 --- [SpringContextShutdownHook] o.s.c.n.e.s.EurekaServiceRegistry        : Unregistering application ROOM-MICROSERVICE with eureka with status DOWN
2022-10-09 02:01:37.856  INFO 8052 --- [SpringContextShutdownHook] com.netflix.discovery.DiscoveryClient    : Saw local status change event StatusChangeEvent [timestamp=1665261097856, current=DOWN, previous=UP]
2022-10-09 02:01:37.858  INFO 8052 --- [DiscoveryClient-InstanceInfoReplicator-0] com.netflix.discovery.DiscoveryClient    : DiscoveryClient_ROOM-MICROSERVICE/LAPTOP-ENIHQTK1:Room-Microservice:8082: registering service...
2022-10-09 02:01:37.893  INFO 8052 --- [DiscoveryClient-InstanceInfoReplicator-0] com.netflix.discovery.DiscoveryClient    : DiscoveryClient_ROOM-MICROSERVICE/LAPTOP-ENIHQTK1:Room-Microservice:8082 - registration status: 204
2022-10-09 02:01:38.084  INFO 8052 --- [SpringContextShutdownHook] o.s.s.concurrent.ThreadPoolTaskExecutor  : Shutting down ExecutorService 'applicationTaskExecutor'
2022-10-09 02:01:38.117  INFO 8052 --- [SpringContextShutdownHook] org.mongodb.driver.connection            : Closed connection [connectionId{localValue:17, serverValue:18847}] to ac-oeljlck-shard-00-02.jqh7gdu.mongodb.net:27017 because there was a socket exception raised on another connection from this pool.
2022-10-09 02:01:38.533  INFO 8052 --- [SpringContextShutdownHook] org.mongodb.driver.connection            : Opened connection [connectionId{localValue:45, serverValue:30688}] to ac-oeljlck-shard-00-02.jqh7gdu.mongodb.net:27017
2022-10-09 02:01:38.705  INFO 8052 --- [SpringContextShutdownHook] org.mongodb.driver.connection            : Closed connection [connectionId{localValue:45, serverValue:30688}] to ac-oeljlck-shard-00-02.jqh7gdu.mongodb.net:27017 because the pool has been closed.
2022-10-09 02:01:38.885  INFO 8052 --- [SpringContextShutdownHook] com.netflix.discovery.DiscoveryClient    : Shutting down DiscoveryClient ...
2022-10-09 02:01:41.895  WARN 8052 --- [DiscoveryClient-1] c.netflix.discovery.TimedSupervisorTask  : task supervisor shutting down, can't accept the task
2022-10-09 02:01:41.910  INFO 8052 --- [SpringContextShutdownHook] com.netflix.discovery.DiscoveryClient    : Unregistering ...
2022-10-09 02:01:41.916  INFO 8052 --- [SpringContextShutdownHook] com.netflix.discovery.DiscoveryClient    : DiscoveryClient_ROOM-MICROSERVICE/LAPTOP-ENIHQTK1:Room-Microservice:8082 - deregister  status: 200
2022-10-09 02:01:41.930  INFO 8052 --- [SpringContextShutdownHook] com.netflix.discovery.DiscoveryClient    : Completed shut down of DiscoveryClient
2022-10-09 19:46:10.589  INFO 11244 --- [restartedMain] c.m.room.RoomServiceApplication          : Starting RoomServiceApplication using Java 18.0.2 on LAPTOP-ENIHQTK1 with PID 11244 (C:\Users\Maha Lakshmi\Downloads\Capgemini\New folder\Room-service\target\classes started by Maha Lakshmi in C:\Users\Maha Lakshmi\Downloads\Capgemini\New folder\Room-service)
2022-10-09 19:46:10.593  INFO 11244 --- [restartedMain] c.m.room.RoomServiceApplication          : No active profile set, falling back to default profiles: default
2022-10-09 19:46:10.661  INFO 11244 --- [restartedMain] .e.DevToolsPropertyDefaultsPostProcessor : Devtools property defaults active! Set 'spring.devtools.add-properties' to 'false' to disable
2022-10-09 19:46:10.661  INFO 11244 --- [restartedMain] .e.DevToolsPropertyDefaultsPostProcessor : For additional web related logging consider setting the 'logging.level.web' property to 'DEBUG'
2022-10-09 19:46:11.846  INFO 11244 --- [restartedMain] .s.d.r.c.RepositoryConfigurationDelegate : Bootstrapping Spring Data MongoDB repositories in DEFAULT mode.
2022-10-09 19:46:12.009  INFO 11244 --- [restartedMain] .s.d.r.c.RepositoryConfigurationDelegate : Finished Spring Data repository scanning in 160 ms. Found 1 MongoDB repository interfaces.
2022-10-09 19:46:12.369  INFO 11244 --- [restartedMain] o.s.cloud.context.scope.GenericScope     : BeanFactory id=354172fb-b639-3261-8aac-0591cf0408b0
2022-10-09 19:46:12.922  INFO 11244 --- [restartedMain] o.s.b.w.embedded.tomcat.TomcatWebServer  : Tomcat initialized with port(s): 8082 (http)
2022-10-09 19:46:12.933  INFO 11244 --- [restartedMain] o.apache.catalina.core.StandardService   : Starting service [Tomcat]
2022-10-09 19:46:12.935  INFO 11244 --- [restartedMain] org.apache.catalina.core.StandardEngine  : Starting Servlet engine: [Apache Tomcat/9.0.44]
2022-10-09 19:46:13.036  INFO 11244 --- [restartedMain] o.a.c.c.C.[Tomcat].[localhost].[/]       : Initializing Spring embedded WebApplicationContext
2022-10-09 19:46:13.036  INFO 11244 --- [restartedMain] w.s.c.ServletWebServerApplicationContext : Root WebApplicationContext: initialization completed in 2373 ms
2022-10-09 19:46:13.488  INFO 11244 --- [restartedMain] org.mongodb.driver.cluster               : Cluster created with settings {hosts=[127.0.0.1:27017], srvHost=cluster0.jqh7gdu.mongodb.net, mode=MULTIPLE, requiredClusterType=REPLICA_SET, serverSelectionTimeout='30000 ms', requiredReplicaSetName='atlas-ralhqi-shard-0'}
2022-10-09 19:46:13.553  WARN 11244 --- [restartedMain] o.s.data.convert.CustomConversions       : Registering converter from class java.time.LocalDateTime to class org.joda.time.LocalDateTime as reading converter although it doesn't convert from a store-supported type! You might want to check your annotation setup at the converter implementation.
2022-10-09 19:46:13.577  INFO 11244 --- [cluster-ClusterId{value='6342d7ad3aa9f9523c07fba7', description='null'}-srv-cluster0.jqh7gdu.mongodb.net] org.mongodb.driver.cluster               : Adding discovered server ac-oeljlck-shard-00-02.jqh7gdu.mongodb.net:27017 to client view of cluster
2022-10-09 19:46:13.601  INFO 11244 --- [cluster-ClusterId{value='6342d7ad3aa9f9523c07fba7', description='null'}-srv-cluster0.jqh7gdu.mongodb.net] org.mongodb.driver.cluster               : Adding discovered server ac-oeljlck-shard-00-00.jqh7gdu.mongodb.net:27017 to client view of cluster
2022-10-09 19:46:13.603  INFO 11244 --- [cluster-ClusterId{value='6342d7ad3aa9f9523c07fba7', description='null'}-srv-cluster0.jqh7gdu.mongodb.net] org.mongodb.driver.cluster               : Adding discovered server ac-oeljlck-shard-00-01.jqh7gdu.mongodb.net:27017 to client view of cluster
2022-10-09 19:46:13.648  WARN 11244 --- [restartedMain] o.s.b.d.a.OptionalLiveReloadServer       : Unable to start LiveReload server
2022-10-09 19:46:13.715  WARN 11244 --- [restartedMain] o.s.data.convert.CustomConversions       : Registering converter from class java.time.LocalDateTime to class org.joda.time.LocalDateTime as reading converter although it doesn't convert from a store-supported type! You might want to check your annotation setup at the converter implementation.
2022-10-09 19:46:14.473  INFO 11244 --- [restartedMain] pertySourcedRequestMappingHandlerMapping : Mapped URL path [/v2/api-docs] onto method [springfox.documentation.swagger2.web.Swagger2Controller#getDocumentation(String, HttpServletRequest)]
2022-10-09 19:46:14.622  INFO 11244 --- [cluster-rtt-ClusterId{value='6342d7ad3aa9f9523c07fba7', description='null'}-ac-oeljlck-shard-00-02.jqh7gdu.mongodb.net:27017] org.mongodb.driver.connection            : Opened connection [connectionId{localValue:6, serverValue:51869}] to ac-oeljlck-shard-00-02.jqh7gdu.mongodb.net:27017
2022-10-09 19:46:14.623  INFO 11244 --- [cluster-ClusterId{value='6342d7ad3aa9f9523c07fba7', description='null'}-ac-oeljlck-shard-00-02.jqh7gdu.mongodb.net:27017] org.mongodb.driver.connection            : Opened connection [connectionId{localValue:1, serverValue:51869}] to ac-oeljlck-shard-00-02.jqh7gdu.mongodb.net:27017
2022-10-09 19:46:14.624  INFO 11244 --- [cluster-ClusterId{value='6342d7ad3aa9f9523c07fba7', description='null'}-ac-oeljlck-shard-00-02.jqh7gdu.mongodb.net:27017] org.mongodb.driver.cluster               : Monitor thread successfully connected to server with description ServerDescription{address=ac-oeljlck-shard-00-02.jqh7gdu.mongodb.net:27017, type=REPLICA_SET_PRIMARY, state=CONNECTED, ok=true, minWireVersion=0, maxWireVersion=13, maxDocumentSize=16777216, logicalSessionTimeoutMinutes=30, roundTripTimeNanos=475375000, setName='atlas-ralhqi-shard-0', canonicalAddress=ac-oeljlck-shard-00-02.jqh7gdu.mongodb.net:27017, hosts=[ac-oeljlck-shard-00-01.jqh7gdu.mongodb.net:27017, ac-oeljlck-shard-00-02.jqh7gdu.mongodb.net:27017, ac-oeljlck-shard-00-00.jqh7gdu.mongodb.net:27017], passives=[], arbiters=[], primary='ac-oeljlck-shard-00-02.jqh7gdu.mongodb.net:27017', tagSet=TagSet{[Tag{name='nodeType', value='ELECTABLE'}, Tag{name='provider', value='AWS'}, Tag{name='region', value='AP_SOUTH_1'}, Tag{name='workloadType', value='OPERATIONAL'}]}, electionId=7fffffff000000000000007b, setVersion=4, topologyVersion=TopologyVersion{processId=63407108e33880b07e344e70, counter=6}, lastWriteDate=Sun Oct 09 19:46:15 IST 2022, lastUpdateTimeNanos=189624656591800}
2022-10-09 19:46:14.624  INFO 11244 --- [cluster-ClusterId{value='6342d7ad3aa9f9523c07fba7', description='null'}-ac-oeljlck-shard-00-01.jqh7gdu.mongodb.net:27017] org.mongodb.driver.connection            : Opened connection [connectionId{localValue:5, serverValue:49768}] to ac-oeljlck-shard-00-01.jqh7gdu.mongodb.net:27017
2022-10-09 19:46:14.624  INFO 11244 --- [cluster-ClusterId{value='6342d7ad3aa9f9523c07fba7', description='null'}-ac-oeljlck-shard-00-01.jqh7gdu.mongodb.net:27017] org.mongodb.driver.cluster               : Monitor thread successfully connected to server with description ServerDescription{address=ac-oeljlck-shard-00-01.jqh7gdu.mongodb.net:27017, type=REPLICA_SET_SECONDARY, state=CONNECTED, ok=true, minWireVersion=0, maxWireVersion=13, maxDocumentSize=16777216, logicalSessionTimeoutMinutes=30, roundTripTimeNanos=471410400, setName='atlas-ralhqi-shard-0', canonicalAddress=ac-oeljlck-shard-00-01.jqh7gdu.mongodb.net:27017, hosts=[ac-oeljlck-shard-00-01.jqh7gdu.mongodb.net:27017, ac-oeljlck-shard-00-02.jqh7gdu.mongodb.net:27017, ac-oeljlck-shard-00-00.jqh7gdu.mongodb.net:27017], passives=[], arbiters=[], primary='ac-oeljlck-shard-00-02.jqh7gdu.mongodb.net:27017', tagSet=TagSet{[Tag{name='nodeType', value='ELECTABLE'}, Tag{name='provider', value='AWS'}, Tag{name='region', value='AP_SOUTH_1'}, Tag{name='workloadType', value='OPERATIONAL'}]}, electionId=null, setVersion=4, topologyVersion=TopologyVersion{processId=6340724c66f28b61f9e8a30e, counter=3}, lastWriteDate=Sun Oct 09 19:46:15 IST 2022, lastUpdateTimeNanos=189624652631000}
2022-10-09 19:46:14.625  INFO 11244 --- [cluster-ClusterId{value='6342d7ad3aa9f9523c07fba7', description='null'}-ac-oeljlck-shard-00-00.jqh7gdu.mongodb.net:27017] org.mongodb.driver.connection            : Opened connection [connectionId{localValue:2, serverValue:50334}] to ac-oeljlck-shard-00-00.jqh7gdu.mongodb.net:27017
2022-10-09 19:46:14.628  INFO 11244 --- [cluster-ClusterId{value='6342d7ad3aa9f9523c07fba7', description='null'}-ac-oeljlck-shard-00-00.jqh7gdu.mongodb.net:27017] org.mongodb.driver.cluster               : Monitor thread successfully connected to server with description ServerDescription{address=ac-oeljlck-shard-00-00.jqh7gdu.mongodb.net:27017, type=REPLICA_SET_SECONDARY, state=CONNECTED, ok=true, minWireVersion=0, maxWireVersion=13, maxDocumentSize=16777216, logicalSessionTimeoutMinutes=30, roundTripTimeNanos=470675800, setName='atlas-ralhqi-shard-0', canonicalAddress=ac-oeljlck-shard-00-00.jqh7gdu.mongodb.net:27017, hosts=[ac-oeljlck-shard-00-01.jqh7gdu.mongodb.net:27017, ac-oeljlck-shard-00-02.jqh7gdu.mongodb.net:27017, ac-oeljlck-shard-00-00.jqh7gdu.mongodb.net:27017], passives=[], arbiters=[], primary='ac-oeljlck-shard-00-02.jqh7gdu.mongodb.net:27017', tagSet=TagSet{[Tag{name='nodeType', value='ELECTABLE'}, Tag{name='provider', value='AWS'}, Tag{name='region', value='AP_SOUTH_1'}, Tag{name='workloadType', value='OPERATIONAL'}]}, electionId=null, setVersion=4, topologyVersion=TopologyVersion{processId=63406ff9fcc18aebc845156f, counter=4}, lastWriteDate=Sun Oct 09 19:46:15 IST 2022, lastUpdateTimeNanos=189624653178300}
2022-10-09 19:46:14.629  INFO 11244 --- [cluster-rtt-ClusterId{value='6342d7ad3aa9f9523c07fba7', description='null'}-ac-oeljlck-shard-00-00.jqh7gdu.mongodb.net:27017] org.mongodb.driver.connection            : Opened connection [connectionId{localValue:3, serverValue:50334}] to ac-oeljlck-shard-00-00.jqh7gdu.mongodb.net:27017
2022-10-09 19:46:14.631  INFO 11244 --- [cluster-rtt-ClusterId{value='6342d7ad3aa9f9523c07fba7', description='null'}-ac-oeljlck-shard-00-01.jqh7gdu.mongodb.net:27017] org.mongodb.driver.connection            : Opened connection [connectionId{localValue:4, serverValue:49768}] to ac-oeljlck-shard-00-01.jqh7gdu.mongodb.net:27017
2022-10-09 19:46:14.631  INFO 11244 --- [cluster-ClusterId{value='6342d7ad3aa9f9523c07fba7', description='null'}-ac-oeljlck-shard-00-02.jqh7gdu.mongodb.net:27017] org.mongodb.driver.cluster               : Setting max election id to 7fffffff000000000000007b from replica set primary ac-oeljlck-shard-00-02.jqh7gdu.mongodb.net:27017
2022-10-09 19:46:14.631  INFO 11244 --- [cluster-ClusterId{value='6342d7ad3aa9f9523c07fba7', description='null'}-ac-oeljlck-shard-00-02.jqh7gdu.mongodb.net:27017] org.mongodb.driver.cluster               : Setting max set version to 4 from replica set primary ac-oeljlck-shard-00-02.jqh7gdu.mongodb.net:27017
2022-10-09 19:46:14.631  INFO 11244 --- [cluster-ClusterId{value='6342d7ad3aa9f9523c07fba7', description='null'}-ac-oeljlck-shard-00-02.jqh7gdu.mongodb.net:27017] org.mongodb.driver.cluster               : Discovered replica set primary ac-oeljlck-shard-00-02.jqh7gdu.mongodb.net:27017
2022-10-09 19:46:14.668  INFO 11244 --- [restartedMain] o.s.s.concurrent.ThreadPoolTaskExecutor  : Initializing ExecutorService 'applicationTaskExecutor'
2022-10-09 19:46:15.082  INFO 11244 --- [restartedMain] DiscoveryClientOptionalArgsConfiguration : Eureka HTTP Client uses RestTemplate.
2022-10-09 19:46:15.248  WARN 11244 --- [restartedMain] iguration$LoadBalancerCaffeineWarnLogger : Spring Cloud LoadBalancer is currently working with the default cache. You can switch to using Caffeine cache, by adding it to the classpath.
2022-10-09 19:46:15.280  INFO 11244 --- [restartedMain] o.s.c.n.eureka.InstanceInfoFactory       : Setting initial instance status as: STARTING
2022-10-09 19:46:15.382  INFO 11244 --- [restartedMain] com.netflix.discovery.DiscoveryClient    : Initializing Eureka in region us-east-1
2022-10-09 19:46:15.388  INFO 11244 --- [restartedMain] c.n.d.s.r.aws.ConfigClusterResolver      : Resolving eureka endpoints via configuration
2022-10-09 19:46:15.419  INFO 11244 --- [restartedMain] com.netflix.discovery.DiscoveryClient    : Disable delta property : false
2022-10-09 19:46:15.419  INFO 11244 --- [restartedMain] com.netflix.discovery.DiscoveryClient    : Single vip registry refresh property : null
2022-10-09 19:46:15.419  INFO 11244 --- [restartedMain] com.netflix.discovery.DiscoveryClient    : Force full registry fetch : false
2022-10-09 19:46:15.419  INFO 11244 --- [restartedMain] com.netflix.discovery.DiscoveryClient    : Application is null : false
2022-10-09 19:46:15.419  INFO 11244 --- [restartedMain] com.netflix.discovery.DiscoveryClient    : Registered Applications size is zero : true
2022-10-09 19:46:15.419  INFO 11244 --- [restartedMain] com.netflix.discovery.DiscoveryClient    : Application version is -1: true
2022-10-09 19:46:15.419  INFO 11244 --- [restartedMain] com.netflix.discovery.DiscoveryClient    : Getting all instance registry info from the eureka server
2022-10-09 19:46:15.591  INFO 11244 --- [restartedMain] com.netflix.discovery.DiscoveryClient    : The response status is 200
2022-10-09 19:46:15.597  INFO 11244 --- [restartedMain] com.netflix.discovery.DiscoveryClient    : Starting heartbeat executor: renew interval is: 30
2022-10-09 19:46:15.600  INFO 11244 --- [restartedMain] c.n.discovery.InstanceInfoReplicator     : InstanceInfoReplicator onDemand update allowed rate per min is 4
2022-10-09 19:46:15.609  INFO 11244 --- [restartedMain] com.netflix.discovery.DiscoveryClient    : Discovery Client initialized at timestamp 1665324975607 with initial instances count: 4
2022-10-09 19:46:15.611  INFO 11244 --- [restartedMain] o.s.c.n.e.s.EurekaServiceRegistry        : Registering application ROOM-MICROSERVICE with eureka with status UP
2022-10-09 19:46:15.613  INFO 11244 --- [restartedMain] com.netflix.discovery.DiscoveryClient    : Saw local status change event StatusChangeEvent [timestamp=1665324975613, current=UP, previous=STARTING]
2022-10-09 19:46:15.616  INFO 11244 --- [DiscoveryClient-InstanceInfoReplicator-0] com.netflix.discovery.DiscoveryClient    : DiscoveryClient_ROOM-MICROSERVICE/LAPTOP-ENIHQTK1:Room-Microservice:8082: registering service...
2022-10-09 19:46:15.689  INFO 11244 --- [DiscoveryClient-InstanceInfoReplicator-0] com.netflix.discovery.DiscoveryClient    : DiscoveryClient_ROOM-MICROSERVICE/LAPTOP-ENIHQTK1:Room-Microservice:8082 - registration status: 204
2022-10-09 19:46:15.688  INFO 11244 --- [restartedMain] o.s.b.w.embedded.tomcat.TomcatWebServer  : Tomcat started on port(s): 8082 (http) with context path ''
2022-10-09 19:46:15.691  INFO 11244 --- [restartedMain] .s.c.n.e.s.EurekaAutoServiceRegistration : Updating port to 8082
2022-10-09 19:46:15.757  INFO 11244 --- [restartedMain] d.s.w.p.DocumentationPluginsBootstrapper : Context refreshed
2022-10-09 19:46:15.771  INFO 11244 --- [restartedMain] d.s.w.p.DocumentationPluginsBootstrapper : Found 1 custom documentation plugin(s)
2022-10-09 19:46:15.804  INFO 11244 --- [restartedMain] s.d.s.w.s.ApiListingReferenceScanner     : Scanning for api listing references
2022-10-09 19:46:15.956  INFO 11244 --- [restartedMain] c.m.room.RoomServiceApplication          : Started RoomServiceApplication in 6.024 seconds (JVM running for 6.677)
2022-10-09 19:51:15.439  INFO 11244 --- [AsyncResolver-bootstrap-executor-0] c.n.d.s.r.aws.ConfigClusterResolver      : Resolving eureka endpoints via configuration
2022-10-09 19:56:15.476  INFO 11244 --- [AsyncResolver-bootstrap-executor-0] c.n.d.s.r.aws.ConfigClusterResolver      : Resolving eureka endpoints via configuration
2022-10-09 20:01:15.485  INFO 11244 --- [AsyncResolver-bootstrap-executor-0] c.n.d.s.r.aws.ConfigClusterResolver      : Resolving eureka endpoints via configuration
2022-10-09 20:06:15.489  INFO 11244 --- [AsyncResolver-bootstrap-executor-0] c.n.d.s.r.aws.ConfigClusterResolver      : Resolving eureka endpoints via configuration
2022-10-09 20:11:15.513  INFO 11244 --- [AsyncResolver-bootstrap-executor-0] c.n.d.s.r.aws.ConfigClusterResolver      : Resolving eureka endpoints via configuration
2022-10-09 20:16:15.531  INFO 11244 --- [AsyncResolver-bootstrap-executor-0] c.n.d.s.r.aws.ConfigClusterResolver      : Resolving eureka endpoints via configuration
2022-10-09 20:21:15.546  INFO 11244 --- [AsyncResolver-bootstrap-executor-0] c.n.d.s.r.aws.ConfigClusterResolver      : Resolving eureka endpoints via configuration
2022-10-09 20:26:15.562  INFO 11244 --- [AsyncResolver-bootstrap-executor-0] c.n.d.s.r.aws.ConfigClusterResolver      : Resolving eureka endpoints via configuration
2022-10-09 20:31:15.572  INFO 11244 --- [AsyncResolver-bootstrap-executor-0] c.n.d.s.r.aws.ConfigClusterResolver      : Resolving eureka endpoints via configuration
2022-10-09 20:36:15.588  INFO 11244 --- [AsyncResolver-bootstrap-executor-0] c.n.d.s.r.aws.ConfigClusterResolver      : Resolving eureka endpoints via configuration
2022-10-09 20:41:15.610  INFO 11244 --- [AsyncResolver-bootstrap-executor-0] c.n.d.s.r.aws.ConfigClusterResolver      : Resolving eureka endpoints via configuration
2022-10-09 20:42:21.812  INFO 11244 --- [http-nio-8082-exec-1] o.a.c.c.C.[Tomcat].[localhost].[/]       : Initializing Spring DispatcherServlet 'dispatcherServlet'
2022-10-09 20:42:21.814  INFO 11244 --- [http-nio-8082-exec-1] o.s.web.servlet.DispatcherServlet        : Initializing Servlet 'dispatcherServlet'
2022-10-09 20:42:21.870  INFO 11244 --- [http-nio-8082-exec-1] o.s.web.servlet.DispatcherServlet        : Completed initialization in 56 ms
2022-10-09 20:42:22.789  INFO 11244 --- [http-nio-8082-exec-1] org.mongodb.driver.connection            : Opened connection [connectionId{localValue:7, serverValue:53253}] to ac-oeljlck-shard-00-02.jqh7gdu.mongodb.net:27017
2022-10-09 20:42:23.067  INFO 11244 --- [http-nio-8082-exec-3] org.mongodb.driver.connection            : Opened connection [connectionId{localValue:9, serverValue:53167}] to ac-oeljlck-shard-00-02.jqh7gdu.mongodb.net:27017
2022-10-09 20:42:23.691  INFO 11244 --- [http-nio-8082-exec-2] org.mongodb.driver.connection            : Opened connection [connectionId{localValue:8, serverValue:53373}] to ac-oeljlck-shard-00-02.jqh7gdu.mongodb.net:27017
2022-10-09 20:46:15.644  INFO 11244 --- [AsyncResolver-bootstrap-executor-0] c.n.d.s.r.aws.ConfigClusterResolver      : Resolving eureka endpoints via configuration
2022-10-09 20:51:15.740  INFO 11244 --- [AsyncResolver-bootstrap-executor-0] c.n.d.s.r.aws.ConfigClusterResolver      : Resolving eureka endpoints via configuration
2022-10-09 20:56:15.828  INFO 11244 --- [AsyncResolver-bootstrap-executor-0] c.n.d.s.r.aws.ConfigClusterResolver      : Resolving eureka endpoints via configuration
2022-10-09 21:01:15.924  INFO 11244 --- [AsyncResolver-bootstrap-executor-0] c.n.d.s.r.aws.ConfigClusterResolver      : Resolving eureka endpoints via configuration
2022-10-09 21:06:16.019  INFO 11244 --- [AsyncResolver-bootstrap-executor-0] c.n.d.s.r.aws.ConfigClusterResolver      : Resolving eureka endpoints via configuration
2022-10-09 21:12:43.582  INFO 11244 --- [cluster-ClusterId{value='6342d7ad3aa9f9523c07fba7', description='null'}-ac-oeljlck-shard-00-02.jqh7gdu.mongodb.net:27017] org.mongodb.driver.cluster               : Exception in monitor thread while connecting to server ac-oeljlck-shard-00-02.jqh7gdu.mongodb.net:27017

com.mongodb.MongoSocketReadTimeoutException: Timeout while receiving message
	at com.mongodb.internal.connection.InternalStreamConnection.translateReadException(InternalStreamConnection.java:631) ~[mongodb-driver-core-4.1.2.jar:na]
	at com.mongodb.internal.connection.InternalStreamConnection.receiveMessageWithAdditionalTimeout(InternalStreamConnection.java:516) ~[mongodb-driver-core-4.1.2.jar:na]
	at com.mongodb.internal.connection.InternalStreamConnection.receiveCommandMessageResponse(InternalStreamConnection.java:356) ~[mongodb-driver-core-4.1.2.jar:na]
	at com.mongodb.internal.connection.InternalStreamConnection.receive(InternalStreamConnection.java:316) ~[mongodb-driver-core-4.1.2.jar:na]
	at com.mongodb.internal.connection.DefaultServerMonitor$ServerMonitorRunnable.lookupServerDescription(DefaultServerMonitor.java:215) ~[mongodb-driver-core-4.1.2.jar:na]
	at com.mongodb.internal.connection.DefaultServerMonitor$ServerMonitorRunnable.run(DefaultServerMonitor.java:144) ~[mongodb-driver-core-4.1.2.jar:na]
	at java.base/java.lang.Thread.run(Thread.java:833) ~[na:na]
Caused by: java.net.SocketTimeoutException: Read timed out
	at java.base/sun.nio.ch.NioSocketImpl.timedRead(NioSocketImpl.java:280) ~[na:na]
	at java.base/sun.nio.ch.NioSocketImpl.implRead(NioSocketImpl.java:306) ~[na:na]
	at java.base/sun.nio.ch.NioSocketImpl.read(NioSocketImpl.java:347) ~[na:na]
	at java.base/sun.nio.ch.NioSocketImpl$1.read(NioSocketImpl.java:800) ~[na:na]
	at java.base/java.net.Socket$SocketInputStream.read(Socket.java:966) ~[na:na]
	at java.base/sun.security.ssl.SSLSocketInputRecord.read(SSLSocketInputRecord.java:478) ~[na:na]
	at java.base/sun.security.ssl.SSLSocketInputRecord.readHeader(SSLSocketInputRecord.java:472) ~[na:na]
	at java.base/sun.security.ssl.SSLSocketInputRecord.bytesInCompletePacket(SSLSocketInputRecord.java:70) ~[na:na]
	at java.base/sun.security.ssl.SSLSocketImpl.readApplicationRecord(SSLSocketImpl.java:1460) ~[na:na]
	at java.base/sun.security.ssl.SSLSocketImpl$AppInputStream.read(SSLSocketImpl.java:1064) ~[na:na]
	at com.mongodb.internal.connection.SocketStream.read(SocketStream.java:109) ~[mongodb-driver-core-4.1.2.jar:na]
	at com.mongodb.internal.connection.SocketStream.read(SocketStream.java:131) ~[mongodb-driver-core-4.1.2.jar:na]
	at com.mongodb.internal.connection.InternalStreamConnection.receiveResponseBuffers(InternalStreamConnection.java:648) ~[mongodb-driver-core-4.1.2.jar:na]
	at com.mongodb.internal.connection.InternalStreamConnection.receiveMessageWithAdditionalTimeout(InternalStreamConnection.java:513) ~[mongodb-driver-core-4.1.2.jar:na]
	... 5 common frames omitted

2022-10-09 21:12:43.582  INFO 11244 --- [cluster-ClusterId{value='6342d7ad3aa9f9523c07fba7', description='null'}-ac-oeljlck-shard-00-00.jqh7gdu.mongodb.net:27017] org.mongodb.driver.cluster               : Exception in monitor thread while connecting to server ac-oeljlck-shard-00-00.jqh7gdu.mongodb.net:27017

com.mongodb.MongoSocketReadTimeoutException: Timeout while receiving message
	at com.mongodb.internal.connection.InternalStreamConnection.translateReadException(InternalStreamConnection.java:631) ~[mongodb-driver-core-4.1.2.jar:na]
	at com.mongodb.internal.connection.InternalStreamConnection.receiveMessageWithAdditionalTimeout(InternalStreamConnection.java:516) ~[mongodb-driver-core-4.1.2.jar:na]
	at com.mongodb.internal.connection.InternalStreamConnection.receiveCommandMessageResponse(InternalStreamConnection.java:356) ~[mongodb-driver-core-4.1.2.jar:na]
	at com.mongodb.internal.connection.InternalStreamConnection.receive(InternalStreamConnection.java:316) ~[mongodb-driver-core-4.1.2.jar:na]
	at com.mongodb.internal.connection.DefaultServerMonitor$ServerMonitorRunnable.lookupServerDescription(DefaultServerMonitor.java:215) ~[mongodb-driver-core-4.1.2.jar:na]
	at com.mongodb.internal.connection.DefaultServerMonitor$ServerMonitorRunnable.run(DefaultServerMonitor.java:144) ~[mongodb-driver-core-4.1.2.jar:na]
	at java.base/java.lang.Thread.run(Thread.java:833) ~[na:na]
Caused by: java.net.SocketTimeoutException: Read timed out
	at java.base/sun.nio.ch.NioSocketImpl.timedRead(NioSocketImpl.java:280) ~[na:na]
	at java.base/sun.nio.ch.NioSocketImpl.implRead(NioSocketImpl.java:306) ~[na:na]
	at java.base/sun.nio.ch.NioSocketImpl.read(NioSocketImpl.java:347) ~[na:na]
	at java.base/sun.nio.ch.NioSocketImpl$1.read(NioSocketImpl.java:800) ~[na:na]
	at java.base/java.net.Socket$SocketInputStream.read(Socket.java:966) ~[na:na]
	at java.base/sun.security.ssl.SSLSocketInputRecord.read(SSLSocketInputRecord.java:478) ~[na:na]
	at java.base/sun.security.ssl.SSLSocketInputRecord.readHeader(SSLSocketInputRecord.java:472) ~[na:na]
	at java.base/sun.security.ssl.SSLSocketInputRecord.bytesInCompletePacket(SSLSocketInputRecord.java:70) ~[na:na]
	at java.base/sun.security.ssl.SSLSocketImpl.readApplicationRecord(SSLSocketImpl.java:1460) ~[na:na]
	at java.base/sun.security.ssl.SSLSocketImpl$AppInputStream.read(SSLSocketImpl.java:1064) ~[na:na]
	at com.mongodb.internal.connection.SocketStream.read(SocketStream.java:109) ~[mongodb-driver-core-4.1.2.jar:na]
	at com.mongodb.internal.connection.SocketStream.read(SocketStream.java:131) ~[mongodb-driver-core-4.1.2.jar:na]
	at com.mongodb.internal.connection.InternalStreamConnection.receiveResponseBuffers(InternalStreamConnection.java:648) ~[mongodb-driver-core-4.1.2.jar:na]
	at com.mongodb.internal.connection.InternalStreamConnection.receiveMessageWithAdditionalTimeout(InternalStreamConnection.java:513) ~[mongodb-driver-core-4.1.2.jar:na]
	... 5 common frames omitted

2022-10-09 21:12:43.582  INFO 11244 --- [cluster-ClusterId{value='6342d7ad3aa9f9523c07fba7', description='null'}-ac-oeljlck-shard-00-01.jqh7gdu.mongodb.net:27017] org.mongodb.driver.cluster               : Exception in monitor thread while connecting to server ac-oeljlck-shard-00-01.jqh7gdu.mongodb.net:27017

com.mongodb.MongoSocketReadTimeoutException: Timeout while receiving message
	at com.mongodb.internal.connection.InternalStreamConnection.translateReadException(InternalStreamConnection.java:631) ~[mongodb-driver-core-4.1.2.jar:na]
	at com.mongodb.internal.connection.InternalStreamConnection.receiveMessageWithAdditionalTimeout(InternalStreamConnection.java:516) ~[mongodb-driver-core-4.1.2.jar:na]
	at com.mongodb.internal.connection.InternalStreamConnection.receiveCommandMessageResponse(InternalStreamConnection.java:356) ~[mongodb-driver-core-4.1.2.jar:na]
	at com.mongodb.internal.connection.InternalStreamConnection.receive(InternalStreamConnection.java:316) ~[mongodb-driver-core-4.1.2.jar:na]
	at com.mongodb.internal.connection.DefaultServerMonitor$ServerMonitorRunnable.lookupServerDescription(DefaultServerMonitor.java:215) ~[mongodb-driver-core-4.1.2.jar:na]
	at com.mongodb.internal.connection.DefaultServerMonitor$ServerMonitorRunnable.run(DefaultServerMonitor.java:144) ~[mongodb-driver-core-4.1.2.jar:na]
	at java.base/java.lang.Thread.run(Thread.java:833) ~[na:na]
Caused by: java.net.SocketTimeoutException: Read timed out
	at java.base/sun.nio.ch.NioSocketImpl.timedRead(NioSocketImpl.java:280) ~[na:na]
	at java.base/sun.nio.ch.NioSocketImpl.implRead(NioSocketImpl.java:306) ~[na:na]
	at java.base/sun.nio.ch.NioSocketImpl.read(NioSocketImpl.java:347) ~[na:na]
	at java.base/sun.nio.ch.NioSocketImpl$1.read(NioSocketImpl.java:800) ~[na:na]
	at java.base/java.net.Socket$SocketInputStream.read(Socket.java:966) ~[na:na]
	at java.base/sun.security.ssl.SSLSocketInputRecord.read(SSLSocketInputRecord.java:478) ~[na:na]
	at java.base/sun.security.ssl.SSLSocketInputRecord.readHeader(SSLSocketInputRecord.java:472) ~[na:na]
	at java.base/sun.security.ssl.SSLSocketInputRecord.bytesInCompletePacket(SSLSocketInputRecord.java:70) ~[na:na]
	at java.base/sun.security.ssl.SSLSocketImpl.readApplicationRecord(SSLSocketImpl.java:1460) ~[na:na]
	at java.base/sun.security.ssl.SSLSocketImpl$AppInputStream.read(SSLSocketImpl.java:1064) ~[na:na]
	at com.mongodb.internal.connection.SocketStream.read(SocketStream.java:109) ~[mongodb-driver-core-4.1.2.jar:na]
	at com.mongodb.internal.connection.SocketStream.read(SocketStream.java:131) ~[mongodb-driver-core-4.1.2.jar:na]
	at com.mongodb.internal.connection.InternalStreamConnection.receiveResponseBuffers(InternalStreamConnection.java:648) ~[mongodb-driver-core-4.1.2.jar:na]
	at com.mongodb.internal.connection.InternalStreamConnection.receiveMessageWithAdditionalTimeout(InternalStreamConnection.java:513) ~[mongodb-driver-core-4.1.2.jar:na]
	... 5 common frames omitted

2022-10-09 21:12:44.288  INFO 11244 --- [cluster-ClusterId{value='6342d7ad3aa9f9523c07fba7', description='null'}-ac-oeljlck-shard-00-02.jqh7gdu.mongodb.net:27017] org.mongodb.driver.connection            : Opened connection [connectionId{localValue:10, serverValue:54222}] to ac-oeljlck-shard-00-02.jqh7gdu.mongodb.net:27017
2022-10-09 21:12:44.462  INFO 11244 --- [cluster-ClusterId{value='6342d7ad3aa9f9523c07fba7', description='null'}-ac-oeljlck-shard-00-00.jqh7gdu.mongodb.net:27017] org.mongodb.driver.connection            : Opened connection [connectionId{localValue:11, serverValue:52522}] to ac-oeljlck-shard-00-00.jqh7gdu.mongodb.net:27017
2022-10-09 21:12:44.566  INFO 11244 --- [cluster-ClusterId{value='6342d7ad3aa9f9523c07fba7', description='null'}-ac-oeljlck-shard-00-00.jqh7gdu.mongodb.net:27017] org.mongodb.driver.cluster               : Monitor thread successfully connected to server with description ServerDescription{address=ac-oeljlck-shard-00-00.jqh7gdu.mongodb.net:27017, type=REPLICA_SET_SECONDARY, state=CONNECTED, ok=true, minWireVersion=0, maxWireVersion=13, maxDocumentSize=16777216, logicalSessionTimeoutMinutes=30, roundTripTimeNanos=768295800, setName='atlas-ralhqi-shard-0', canonicalAddress=ac-oeljlck-shard-00-00.jqh7gdu.mongodb.net:27017, hosts=[ac-oeljlck-shard-00-01.jqh7gdu.mongodb.net:27017, ac-oeljlck-shard-00-02.jqh7gdu.mongodb.net:27017, ac-oeljlck-shard-00-00.jqh7gdu.mongodb.net:27017], passives=[], arbiters=[], primary='ac-oeljlck-shard-00-02.jqh7gdu.mongodb.net:27017', tagSet=TagSet{[Tag{name='nodeType', value='ELECTABLE'}, Tag{name='provider', value='AWS'}, Tag{name='region', value='AP_SOUTH_1'}, Tag{name='workloadType', value='OPERATIONAL'}]}, electionId=null, setVersion=4, topologyVersion=TopologyVersion{processId=63406ff9fcc18aebc845156f, counter=4}, lastWriteDate=Sun Oct 09 21:12:44 IST 2022, lastUpdateTimeNanos=194814244312800}
2022-10-09 21:12:44.581  INFO 11244 --- [cluster-ClusterId{value='6342d7ad3aa9f9523c07fba7', description='null'}-ac-oeljlck-shard-00-02.jqh7gdu.mongodb.net:27017] org.mongodb.driver.cluster               : Monitor thread successfully connected to server with description ServerDescription{address=ac-oeljlck-shard-00-02.jqh7gdu.mongodb.net:27017, type=REPLICA_SET_PRIMARY, state=CONNECTED, ok=true, minWireVersion=0, maxWireVersion=13, maxDocumentSize=16777216, logicalSessionTimeoutMinutes=30, roundTripTimeNanos=564758800, setName='atlas-ralhqi-shard-0', canonicalAddress=ac-oeljlck-shard-00-02.jqh7gdu.mongodb.net:27017, hosts=[ac-oeljlck-shard-00-01.jqh7gdu.mongodb.net:27017, ac-oeljlck-shard-00-02.jqh7gdu.mongodb.net:27017, ac-oeljlck-shard-00-00.jqh7gdu.mongodb.net:27017], passives=[], arbiters=[], primary='ac-oeljlck-shard-00-02.jqh7gdu.mongodb.net:27017', tagSet=TagSet{[Tag{name='nodeType', value='ELECTABLE'}, Tag{name='provider', value='AWS'}, Tag{name='region', value='AP_SOUTH_1'}, Tag{name='workloadType', value='OPERATIONAL'}]}, electionId=7fffffff000000000000007b, setVersion=4, topologyVersion=TopologyVersion{processId=63407108e33880b07e344e70, counter=6}, lastWriteDate=Sun Oct 09 21:12:44 IST 2022, lastUpdateTimeNanos=194814065469100}
2022-10-09 21:12:44.625  INFO 11244 --- [cluster-ClusterId{value='6342d7ad3aa9f9523c07fba7', description='null'}-ac-oeljlck-shard-00-02.jqh7gdu.mongodb.net:27017] org.mongodb.driver.cluster               : Discovered replica set primary ac-oeljlck-shard-00-02.jqh7gdu.mongodb.net:27017
2022-10-09 21:12:44.740  INFO 11244 --- [cluster-ClusterId{value='6342d7ad3aa9f9523c07fba7', description='null'}-ac-oeljlck-shard-00-01.jqh7gdu.mongodb.net:27017] org.mongodb.driver.connection            : Opened connection [connectionId{localValue:12, serverValue:51970}] to ac-oeljlck-shard-00-01.jqh7gdu.mongodb.net:27017
2022-10-09 21:12:44.742  INFO 11244 --- [cluster-ClusterId{value='6342d7ad3aa9f9523c07fba7', description='null'}-ac-oeljlck-shard-00-01.jqh7gdu.mongodb.net:27017] org.mongodb.driver.cluster               : Monitor thread successfully connected to server with description ServerDescription{address=ac-oeljlck-shard-00-01.jqh7gdu.mongodb.net:27017, type=REPLICA_SET_SECONDARY, state=CONNECTED, ok=true, minWireVersion=0, maxWireVersion=13, maxDocumentSize=16777216, logicalSessionTimeoutMinutes=30, roundTripTimeNanos=1030500300, setName='atlas-ralhqi-shard-0', canonicalAddress=ac-oeljlck-shard-00-01.jqh7gdu.mongodb.net:27017, hosts=[ac-oeljlck-shard-00-01.jqh7gdu.mongodb.net:27017, ac-oeljlck-shard-00-02.jqh7gdu.mongodb.net:27017, ac-oeljlck-shard-00-00.jqh7gdu.mongodb.net:27017], passives=[], arbiters=[], primary='ac-oeljlck-shard-00-02.jqh7gdu.mongodb.net:27017', tagSet=TagSet{[Tag{name='nodeType', value='ELECTABLE'}, Tag{name='provider', value='AWS'}, Tag{name='region', value='AP_SOUTH_1'}, Tag{name='workloadType', value='OPERATIONAL'}]}, electionId=null, setVersion=4, topologyVersion=TopologyVersion{processId=6340724c66f28b61f9e8a30e, counter=3}, lastWriteDate=Sun Oct 09 21:12:45 IST 2022, lastUpdateTimeNanos=194814523472600}
2022-10-09 21:14:32.794  INFO 11244 --- [AsyncResolver-bootstrap-executor-0] c.n.d.s.r.aws.ConfigClusterResolver      : Resolving eureka endpoints via configuration
2022-10-09 21:30:49.067  INFO 11244 --- [cluster-rtt-ClusterId{value='6342d7ad3aa9f9523c07fba7', description='null'}-ac-oeljlck-shard-00-02.jqh7gdu.mongodb.net:27017] org.mongodb.driver.connection            : Opened connection [connectionId{localValue:13, serverValue:54522}] to ac-oeljlck-shard-00-02.jqh7gdu.mongodb.net:27017
2022-10-09 21:30:54.391  INFO 11244 --- [cluster-rtt-ClusterId{value='6342d7ad3aa9f9523c07fba7', description='null'}-ac-oeljlck-shard-00-00.jqh7gdu.mongodb.net:27017] org.mongodb.driver.connection            : Opened connection [connectionId{localValue:14, serverValue:52823}] to ac-oeljlck-shard-00-00.jqh7gdu.mongodb.net:27017
2022-10-09 21:30:54.430  INFO 11244 --- [cluster-rtt-ClusterId{value='6342d7ad3aa9f9523c07fba7', description='null'}-ac-oeljlck-shard-00-01.jqh7gdu.mongodb.net:27017] org.mongodb.driver.connection            : Opened connection [connectionId{localValue:15, serverValue:52266}] to ac-oeljlck-shard-00-01.jqh7gdu.mongodb.net:27017
2022-10-09 21:31:04.698  INFO 11244 --- [cluster-ClusterId{value='6342d7ad3aa9f9523c07fba7', description='null'}-ac-oeljlck-shard-00-02.jqh7gdu.mongodb.net:27017] org.mongodb.driver.cluster               : Exception in monitor thread while connecting to server ac-oeljlck-shard-00-02.jqh7gdu.mongodb.net:27017

com.mongodb.MongoSocketReadTimeoutException: Timeout while receiving message
	at com.mongodb.internal.connection.InternalStreamConnection.translateReadException(InternalStreamConnection.java:631) ~[mongodb-driver-core-4.1.2.jar:na]
	at com.mongodb.internal.connection.InternalStreamConnection.receiveMessageWithAdditionalTimeout(InternalStreamConnection.java:516) ~[mongodb-driver-core-4.1.2.jar:na]
	at com.mongodb.internal.connection.InternalStreamConnection.receiveCommandMessageResponse(InternalStreamConnection.java:356) ~[mongodb-driver-core-4.1.2.jar:na]
	at com.mongodb.internal.connection.InternalStreamConnection.receive(InternalStreamConnection.java:316) ~[mongodb-driver-core-4.1.2.jar:na]
	at com.mongodb.internal.connection.DefaultServerMonitor$ServerMonitorRunnable.lookupServerDescription(DefaultServerMonitor.java:215) ~[mongodb-driver-core-4.1.2.jar:na]
	at com.mongodb.internal.connection.DefaultServerMonitor$ServerMonitorRunnable.run(DefaultServerMonitor.java:144) ~[mongodb-driver-core-4.1.2.jar:na]
	at java.base/java.lang.Thread.run(Thread.java:833) ~[na:na]
Caused by: java.net.SocketTimeoutException: Read timed out
	at java.base/sun.nio.ch.NioSocketImpl.timedRead(NioSocketImpl.java:280) ~[na:na]
	at java.base/sun.nio.ch.NioSocketImpl.implRead(NioSocketImpl.java:306) ~[na:na]
	at java.base/sun.nio.ch.NioSocketImpl.read(NioSocketImpl.java:347) ~[na:na]
	at java.base/sun.nio.ch.NioSocketImpl$1.read(NioSocketImpl.java:800) ~[na:na]
	at java.base/java.net.Socket$SocketInputStream.read(Socket.java:966) ~[na:na]
	at java.base/sun.security.ssl.SSLSocketInputRecord.read(SSLSocketInputRecord.java:478) ~[na:na]
	at java.base/sun.security.ssl.SSLSocketInputRecord.readHeader(SSLSocketInputRecord.java:472) ~[na:na]
	at java.base/sun.security.ssl.SSLSocketInputRecord.bytesInCompletePacket(SSLSocketInputRecord.java:70) ~[na:na]
	at java.base/sun.security.ssl.SSLSocketImpl.readApplicationRecord(SSLSocketImpl.java:1460) ~[na:na]
	at java.base/sun.security.ssl.SSLSocketImpl$AppInputStream.read(SSLSocketImpl.java:1064) ~[na:na]
	at com.mongodb.internal.connection.SocketStream.read(SocketStream.java:109) ~[mongodb-driver-core-4.1.2.jar:na]
	at com.mongodb.internal.connection.SocketStream.read(SocketStream.java:131) ~[mongodb-driver-core-4.1.2.jar:na]
	at com.mongodb.internal.connection.InternalStreamConnection.receiveResponseBuffers(InternalStreamConnection.java:648) ~[mongodb-driver-core-4.1.2.jar:na]
	at com.mongodb.internal.connection.InternalStreamConnection.receiveMessageWithAdditionalTimeout(InternalStreamConnection.java:513) ~[mongodb-driver-core-4.1.2.jar:na]
	... 5 common frames omitted

2022-10-09 21:31:04.699  INFO 11244 --- [cluster-ClusterId{value='6342d7ad3aa9f9523c07fba7', description='null'}-ac-oeljlck-shard-00-00.jqh7gdu.mongodb.net:27017] org.mongodb.driver.cluster               : Exception in monitor thread while connecting to server ac-oeljlck-shard-00-00.jqh7gdu.mongodb.net:27017

com.mongodb.MongoSocketReadTimeoutException: Timeout while receiving message
	at com.mongodb.internal.connection.InternalStreamConnection.translateReadException(InternalStreamConnection.java:631) ~[mongodb-driver-core-4.1.2.jar:na]
	at com.mongodb.internal.connection.InternalStreamConnection.receiveMessageWithAdditionalTimeout(InternalStreamConnection.java:516) ~[mongodb-driver-core-4.1.2.jar:na]
	at com.mongodb.internal.connection.InternalStreamConnection.receiveCommandMessageResponse(InternalStreamConnection.java:356) ~[mongodb-driver-core-4.1.2.jar:na]
	at com.mongodb.internal.connection.InternalStreamConnection.receive(InternalStreamConnection.java:316) ~[mongodb-driver-core-4.1.2.jar:na]
	at com.mongodb.internal.connection.DefaultServerMonitor$ServerMonitorRunnable.lookupServerDescription(DefaultServerMonitor.java:215) ~[mongodb-driver-core-4.1.2.jar:na]
	at com.mongodb.internal.connection.DefaultServerMonitor$ServerMonitorRunnable.run(DefaultServerMonitor.java:144) ~[mongodb-driver-core-4.1.2.jar:na]
	at java.base/java.lang.Thread.run(Thread.java:833) ~[na:na]
Caused by: java.net.SocketTimeoutException: Read timed out
	at java.base/sun.nio.ch.NioSocketImpl.timedRead(NioSocketImpl.java:280) ~[na:na]
	at java.base/sun.nio.ch.NioSocketImpl.implRead(NioSocketImpl.java:306) ~[na:na]
	at java.base/sun.nio.ch.NioSocketImpl.read(NioSocketImpl.java:347) ~[na:na]
	at java.base/sun.nio.ch.NioSocketImpl$1.read(NioSocketImpl.java:800) ~[na:na]
	at java.base/java.net.Socket$SocketInputStream.read(Socket.java:966) ~[na:na]
	at java.base/sun.security.ssl.SSLSocketInputRecord.read(SSLSocketInputRecord.java:478) ~[na:na]
	at java.base/sun.security.ssl.SSLSocketInputRecord.readHeader(SSLSocketInputRecord.java:472) ~[na:na]
	at java.base/sun.security.ssl.SSLSocketInputRecord.bytesInCompletePacket(SSLSocketInputRecord.java:70) ~[na:na]
	at java.base/sun.security.ssl.SSLSocketImpl.readApplicationRecord(SSLSocketImpl.java:1460) ~[na:na]
	at java.base/sun.security.ssl.SSLSocketImpl$AppInputStream.read(SSLSocketImpl.java:1064) ~[na:na]
	at com.mongodb.internal.connection.SocketStream.read(SocketStream.java:109) ~[mongodb-driver-core-4.1.2.jar:na]
	at com.mongodb.internal.connection.SocketStream.read(SocketStream.java:131) ~[mongodb-driver-core-4.1.2.jar:na]
	at com.mongodb.internal.connection.InternalStreamConnection.receiveResponseBuffers(InternalStreamConnection.java:648) ~[mongodb-driver-core-4.1.2.jar:na]
	at com.mongodb.internal.connection.InternalStreamConnection.receiveMessageWithAdditionalTimeout(InternalStreamConnection.java:513) ~[mongodb-driver-core-4.1.2.jar:na]
	... 5 common frames omitted

2022-10-09 21:31:04.723  INFO 11244 --- [cluster-ClusterId{value='6342d7ad3aa9f9523c07fba7', description='null'}-ac-oeljlck-shard-00-01.jqh7gdu.mongodb.net:27017] org.mongodb.driver.cluster               : Exception in monitor thread while connecting to server ac-oeljlck-shard-00-01.jqh7gdu.mongodb.net:27017

com.mongodb.MongoSocketReadTimeoutException: Timeout while receiving message
	at com.mongodb.internal.connection.InternalStreamConnection.translateReadException(InternalStreamConnection.java:631) ~[mongodb-driver-core-4.1.2.jar:na]
	at com.mongodb.internal.connection.InternalStreamConnection.receiveMessageWithAdditionalTimeout(InternalStreamConnection.java:516) ~[mongodb-driver-core-4.1.2.jar:na]
	at com.mongodb.internal.connection.InternalStreamConnection.receiveCommandMessageResponse(InternalStreamConnection.java:356) ~[mongodb-driver-core-4.1.2.jar:na]
	at com.mongodb.internal.connection.InternalStreamConnection.receive(InternalStreamConnection.java:316) ~[mongodb-driver-core-4.1.2.jar:na]
	at com.mongodb.internal.connection.DefaultServerMonitor$ServerMonitorRunnable.lookupServerDescription(DefaultServerMonitor.java:215) ~[mongodb-driver-core-4.1.2.jar:na]
	at com.mongodb.internal.connection.DefaultServerMonitor$ServerMonitorRunnable.run(DefaultServerMonitor.java:144) ~[mongodb-driver-core-4.1.2.jar:na]
	at java.base/java.lang.Thread.run(Thread.java:833) ~[na:na]
Caused by: java.net.SocketTimeoutException: Read timed out
	at java.base/sun.nio.ch.NioSocketImpl.timedRead(NioSocketImpl.java:280) ~[na:na]
	at java.base/sun.nio.ch.NioSocketImpl.implRead(NioSocketImpl.java:306) ~[na:na]
	at java.base/sun.nio.ch.NioSocketImpl.read(NioSocketImpl.java:347) ~[na:na]
	at java.base/sun.nio.ch.NioSocketImpl$1.read(NioSocketImpl.java:800) ~[na:na]
	at java.base/java.net.Socket$SocketInputStream.read(Socket.java:966) ~[na:na]
	at java.base/sun.security.ssl.SSLSocketInputRecord.read(SSLSocketInputRecord.java:478) ~[na:na]
	at java.base/sun.security.ssl.SSLSocketInputRecord.readHeader(SSLSocketInputRecord.java:472) ~[na:na]
	at java.base/sun.security.ssl.SSLSocketInputRecord.bytesInCompletePacket(SSLSocketInputRecord.java:70) ~[na:na]
	at java.base/sun.security.ssl.SSLSocketImpl.readApplicationRecord(SSLSocketImpl.java:1460) ~[na:na]
	at java.base/sun.security.ssl.SSLSocketImpl$AppInputStream.read(SSLSocketImpl.java:1064) ~[na:na]
	at com.mongodb.internal.connection.SocketStream.read(SocketStream.java:109) ~[mongodb-driver-core-4.1.2.jar:na]
	at com.mongodb.internal.connection.SocketStream.read(SocketStream.java:131) ~[mongodb-driver-core-4.1.2.jar:na]
	at com.mongodb.internal.connection.InternalStreamConnection.receiveResponseBuffers(InternalStreamConnection.java:648) ~[mongodb-driver-core-4.1.2.jar:na]
	at com.mongodb.internal.connection.InternalStreamConnection.receiveMessageWithAdditionalTimeout(InternalStreamConnection.java:513) ~[mongodb-driver-core-4.1.2.jar:na]
	... 5 common frames omitted

2022-10-09 21:31:04.886  INFO 11244 --- [cluster-ClusterId{value='6342d7ad3aa9f9523c07fba7', description='null'}-ac-oeljlck-shard-00-00.jqh7gdu.mongodb.net:27017] org.mongodb.driver.connection            : Opened connection [connectionId{localValue:17, serverValue:52828}] to ac-oeljlck-shard-00-00.jqh7gdu.mongodb.net:27017
2022-10-09 21:31:04.887  INFO 11244 --- [cluster-ClusterId{value='6342d7ad3aa9f9523c07fba7', description='null'}-ac-oeljlck-shard-00-00.jqh7gdu.mongodb.net:27017] org.mongodb.driver.cluster               : Monitor thread successfully connected to server with description ServerDescription{address=ac-oeljlck-shard-00-00.jqh7gdu.mongodb.net:27017, type=REPLICA_SET_SECONDARY, state=CONNECTED, ok=true, minWireVersion=0, maxWireVersion=13, maxDocumentSize=16777216, logicalSessionTimeoutMinutes=30, roundTripTimeNanos=147172600, setName='atlas-ralhqi-shard-0', canonicalAddress=ac-oeljlck-shard-00-00.jqh7gdu.mongodb.net:27017, hosts=[ac-oeljlck-shard-00-01.jqh7gdu.mongodb.net:27017, ac-oeljlck-shard-00-02.jqh7gdu.mongodb.net:27017, ac-oeljlck-shard-00-00.jqh7gdu.mongodb.net:27017], passives=[], arbiters=[], primary='ac-oeljlck-shard-00-02.jqh7gdu.mongodb.net:27017', tagSet=TagSet{[Tag{name='nodeType', value='ELECTABLE'}, Tag{name='provider', value='AWS'}, Tag{name='region', value='AP_SOUTH_1'}, Tag{name='workloadType', value='OPERATIONAL'}]}, electionId=null, setVersion=4, topologyVersion=TopologyVersion{processId=63406ff9fcc18aebc845156f, counter=4}, lastWriteDate=Sun Oct 09 21:31:04 IST 2022, lastUpdateTimeNanos=195914669193000}
2022-10-09 21:31:04.890  INFO 11244 --- [cluster-ClusterId{value='6342d7ad3aa9f9523c07fba7', description='null'}-ac-oeljlck-shard-00-01.jqh7gdu.mongodb.net:27017] org.mongodb.driver.connection            : Opened connection [connectionId{localValue:18, serverValue:52266}] to ac-oeljlck-shard-00-01.jqh7gdu.mongodb.net:27017
2022-10-09 21:31:04.890  INFO 11244 --- [cluster-ClusterId{value='6342d7ad3aa9f9523c07fba7', description='null'}-ac-oeljlck-shard-00-02.jqh7gdu.mongodb.net:27017] org.mongodb.driver.connection            : Opened connection [connectionId{localValue:16, serverValue:54484}] to ac-oeljlck-shard-00-02.jqh7gdu.mongodb.net:27017
2022-10-09 21:31:04.890  INFO 11244 --- [cluster-ClusterId{value='6342d7ad3aa9f9523c07fba7', description='null'}-ac-oeljlck-shard-00-01.jqh7gdu.mongodb.net:27017] org.mongodb.driver.cluster               : Monitor thread successfully connected to server with description ServerDescription{address=ac-oeljlck-shard-00-01.jqh7gdu.mongodb.net:27017, type=REPLICA_SET_SECONDARY, state=CONNECTED, ok=true, minWireVersion=0, maxWireVersion=13, maxDocumentSize=16777216, logicalSessionTimeoutMinutes=30, roundTripTimeNanos=113605400, setName='atlas-ralhqi-shard-0', canonicalAddress=ac-oeljlck-shard-00-01.jqh7gdu.mongodb.net:27017, hosts=[ac-oeljlck-shard-00-01.jqh7gdu.mongodb.net:27017, ac-oeljlck-shard-00-02.jqh7gdu.mongodb.net:27017, ac-oeljlck-shard-00-00.jqh7gdu.mongodb.net:27017], passives=[], arbiters=[], primary='ac-oeljlck-shard-00-02.jqh7gdu.mongodb.net:27017', tagSet=TagSet{[Tag{name='nodeType', value='ELECTABLE'}, Tag{name='provider', value='AWS'}, Tag{name='region', value='AP_SOUTH_1'}, Tag{name='workloadType', value='OPERATIONAL'}]}, electionId=null, setVersion=4, topologyVersion=TopologyVersion{processId=6340724c66f28b61f9e8a30e, counter=3}, lastWriteDate=Sun Oct 09 21:31:04 IST 2022, lastUpdateTimeNanos=195914672195800}
2022-10-09 21:31:04.899  INFO 11244 --- [cluster-ClusterId{value='6342d7ad3aa9f9523c07fba7', description='null'}-ac-oeljlck-shard-00-02.jqh7gdu.mongodb.net:27017] org.mongodb.driver.cluster               : Monitor thread successfully connected to server with description ServerDescription{address=ac-oeljlck-shard-00-02.jqh7gdu.mongodb.net:27017, type=REPLICA_SET_PRIMARY, state=CONNECTED, ok=true, minWireVersion=0, maxWireVersion=13, maxDocumentSize=16777216, logicalSessionTimeoutMinutes=30, roundTripTimeNanos=152135400, setName='atlas-ralhqi-shard-0', canonicalAddress=ac-oeljlck-shard-00-02.jqh7gdu.mongodb.net:27017, hosts=[ac-oeljlck-shard-00-01.jqh7gdu.mongodb.net:27017, ac-oeljlck-shard-00-02.jqh7gdu.mongodb.net:27017, ac-oeljlck-shard-00-00.jqh7gdu.mongodb.net:27017], passives=[], arbiters=[], primary='ac-oeljlck-shard-00-02.jqh7gdu.mongodb.net:27017', tagSet=TagSet{[Tag{name='nodeType', value='ELECTABLE'}, Tag{name='provider', value='AWS'}, Tag{name='region', value='AP_SOUTH_1'}, Tag{name='workloadType', value='OPERATIONAL'}]}, electionId=7fffffff000000000000007b, setVersion=4, topologyVersion=TopologyVersion{processId=63407108e33880b07e344e70, counter=6}, lastWriteDate=Sun Oct 09 21:31:04 IST 2022, lastUpdateTimeNanos=195914672195800}
2022-10-09 21:31:04.899  INFO 11244 --- [cluster-ClusterId{value='6342d7ad3aa9f9523c07fba7', description='null'}-ac-oeljlck-shard-00-02.jqh7gdu.mongodb.net:27017] org.mongodb.driver.cluster               : Discovered replica set primary ac-oeljlck-shard-00-02.jqh7gdu.mongodb.net:27017
2022-10-09 21:34:44.164  INFO 11244 --- [AsyncResolver-bootstrap-executor-0] c.n.d.s.r.aws.ConfigClusterResolver      : Resolving eureka endpoints via configuration
2022-10-09 21:39:44.179  INFO 11244 --- [AsyncResolver-bootstrap-executor-0] c.n.d.s.r.aws.ConfigClusterResolver      : Resolving eureka endpoints via configuration
2022-10-09 21:44:44.217  INFO 11244 --- [AsyncResolver-bootstrap-executor-0] c.n.d.s.r.aws.ConfigClusterResolver      : Resolving eureka endpoints via configuration
2022-10-09 21:49:44.243  INFO 11244 --- [AsyncResolver-bootstrap-executor-0] c.n.d.s.r.aws.ConfigClusterResolver      : Resolving eureka endpoints via configuration
2022-10-09 21:54:44.269  INFO 11244 --- [AsyncResolver-bootstrap-executor-0] c.n.d.s.r.aws.ConfigClusterResolver      : Resolving eureka endpoints via configuration
2022-10-09 21:59:44.310  INFO 11244 --- [AsyncResolver-bootstrap-executor-0] c.n.d.s.r.aws.ConfigClusterResolver      : Resolving eureka endpoints via configuration
2022-10-09 22:00:56.012  INFO 11244 --- [http-nio-8082-exec-9] org.mongodb.driver.connection            : Closed connection [connectionId{localValue:8, serverValue:53373}] to ac-oeljlck-shard-00-02.jqh7gdu.mongodb.net:27017 because there was a socket exception raised on another connection from this pool.
2022-10-09 22:00:56.022  INFO 11244 --- [http-nio-8082-exec-9] org.mongodb.driver.connection            : Closed connection [connectionId{localValue:9, serverValue:53167}] to ac-oeljlck-shard-00-02.jqh7gdu.mongodb.net:27017 because there was a socket exception raised on another connection from this pool.
2022-10-09 22:00:56.023  INFO 11244 --- [http-nio-8082-exec-9] org.mongodb.driver.connection            : Closed connection [connectionId{localValue:7, serverValue:53253}] to ac-oeljlck-shard-00-02.jqh7gdu.mongodb.net:27017 because there was a socket exception raised on another connection from this pool.
2022-10-09 22:00:56.492  INFO 11244 --- [http-nio-8082-exec-9] org.mongodb.driver.connection            : Opened connection [connectionId{localValue:19, serverValue:54776}] to ac-oeljlck-shard-00-02.jqh7gdu.mongodb.net:27017
2022-10-09 22:04:44.336  INFO 11244 --- [AsyncResolver-bootstrap-executor-0] c.n.d.s.r.aws.ConfigClusterResolver      : Resolving eureka endpoints via configuration
2022-10-09 22:09:44.351  INFO 11244 --- [AsyncResolver-bootstrap-executor-0] c.n.d.s.r.aws.ConfigClusterResolver      : Resolving eureka endpoints via configuration
2022-10-09 22:14:44.368  INFO 11244 --- [AsyncResolver-bootstrap-executor-0] c.n.d.s.r.aws.ConfigClusterResolver      : Resolving eureka endpoints via configuration
2022-10-09 22:19:44.386  INFO 11244 --- [AsyncResolver-bootstrap-executor-0] c.n.d.s.r.aws.ConfigClusterResolver      : Resolving eureka endpoints via configuration
2022-10-09 22:24:44.388  INFO 11244 --- [AsyncResolver-bootstrap-executor-0] c.n.d.s.r.aws.ConfigClusterResolver      : Resolving eureka endpoints via configuration
2022-10-09 22:29:44.409  INFO 11244 --- [AsyncResolver-bootstrap-executor-0] c.n.d.s.r.aws.ConfigClusterResolver      : Resolving eureka endpoints via configuration
2022-10-09 22:34:44.424  INFO 11244 --- [AsyncResolver-bootstrap-executor-0] c.n.d.s.r.aws.ConfigClusterResolver      : Resolving eureka endpoints via configuration
2022-10-09 22:39:44.439  INFO 11244 --- [AsyncResolver-bootstrap-executor-0] c.n.d.s.r.aws.ConfigClusterResolver      : Resolving eureka endpoints via configuration
2022-10-09 22:42:49.350  INFO 11244 --- [SpringContextShutdownHook] o.s.c.n.e.s.EurekaServiceRegistry        : Unregistering application ROOM-MICROSERVICE with eureka with status DOWN
2022-10-09 22:42:49.356  INFO 11244 --- [SpringContextShutdownHook] com.netflix.discovery.DiscoveryClient    : Saw local status change event StatusChangeEvent [timestamp=1665335569356, current=DOWN, previous=UP]
2022-10-09 22:42:49.361  INFO 11244 --- [DiscoveryClient-InstanceInfoReplicator-0] com.netflix.discovery.DiscoveryClient    : DiscoveryClient_ROOM-MICROSERVICE/LAPTOP-ENIHQTK1:Room-Microservice:8082: registering service...
2022-10-09 22:42:49.451  INFO 11244 --- [DiscoveryClient-InstanceInfoReplicator-0] com.netflix.discovery.DiscoveryClient    : DiscoveryClient_ROOM-MICROSERVICE/LAPTOP-ENIHQTK1:Room-Microservice:8082 - registration status: 204
2022-10-09 22:42:49.691  INFO 11244 --- [SpringContextShutdownHook] o.s.s.concurrent.ThreadPoolTaskExecutor  : Shutting down ExecutorService 'applicationTaskExecutor'
2022-10-09 22:42:49.803  INFO 11244 --- [SpringContextShutdownHook] org.mongodb.driver.connection            : Closed connection [connectionId{localValue:19, serverValue:54776}] to ac-oeljlck-shard-00-02.jqh7gdu.mongodb.net:27017 because the pool has been closed.
2022-10-09 22:42:49.877  INFO 11244 --- [SpringContextShutdownHook] com.netflix.discovery.DiscoveryClient    : Shutting down DiscoveryClient ...
2022-10-09 22:42:52.898  WARN 11244 --- [DiscoveryClient-1] c.netflix.discovery.TimedSupervisorTask  : task supervisor shutting down, can't accept the task
2022-10-09 22:42:52.904  INFO 11244 --- [SpringContextShutdownHook] com.netflix.discovery.DiscoveryClient    : Unregistering ...
2022-10-09 22:42:52.916  INFO 11244 --- [SpringContextShutdownHook] com.netflix.discovery.DiscoveryClient    : DiscoveryClient_ROOM-MICROSERVICE/LAPTOP-ENIHQTK1:Room-Microservice:8082 - deregister  status: 200
2022-10-09 22:42:52.929  INFO 11244 --- [SpringContextShutdownHook] com.netflix.discovery.DiscoveryClient    : Completed shut down of DiscoveryClient
